2023-04-10 20:58:16,066{GMT}	INFO	[jepsen test runner] jepsen.core: Command line:
lein run test -w echo --bin /home/ktk/go/bin/maelstorm-echo --node-count 1 --time-limit 10
2023-04-10 20:58:16,183{GMT}	INFO	[jepsen test runner] jepsen.core: Running test:
{:args []
 :remote
 #jepsen.control.retry.Remote{:remote #jepsen.control.scp.Remote{:cmd-remote #jepsen.control.sshj.SSHJRemote{:concurrency-limit 6,
                                                                                                             :conn-spec nil,
                                                                                                             :client nil,
                                                                                                             :semaphore nil},
                                                                 :conn-spec nil},
                              :conn nil}
 :log-net-send false
 :node-count 1
 :availability nil
 :max-txn-length 4
 :concurrency 1
 :db
 #object[maelstrom.db$db$reify__16142
         "0x26169be3"
         "maelstrom.db$db$reify__16142@26169be3"]
 :max-writes-per-key 16
 :leave-db-running? false
 :name "echo"
 :logging-json? false
 :start-time
 #object[org.joda.time.DateTime "0x522fdf0c" "2023-04-10T20:58:16.046+05:30"]
 :nemesis-interval 10
 :net
 #object[maelstrom.net$jepsen_net$reify__15251
         "0x64a009e7"
         "maelstrom.net$jepsen_net$reify__15251@64a009e7"]
 :client
 #object[maelstrom.workload.echo$client$reify__16863
         "0x10587ce5"
         "maelstrom.workload.echo$client$reify__16863@10587ce5"]
 :barrier
 #object[java.util.concurrent.CyclicBarrier
         "0x74a37c91"
         "java.util.concurrent.CyclicBarrier@74a37c91"]
 :log-stderr false
 :pure-generators true
 :ssh {:dummy? true}
 :rate 5
 :checker
 #object[jepsen.checker$compose$reify__11881
         "0x58581ab6"
         "jepsen.checker$compose$reify__11881@58581ab6"]
 :argv
 ("test"
  "-w"
  "echo"
  "--bin"
  "/home/ktk/go/bin/maelstorm-echo"
  "--node-count"
  "1"
  "--time-limit"
  "10")
 :nemesis
 (jepsen.nemesis.ReflCompose
  {:fm {:start-partition 0,
        :stop-partition 0,
        :kill 1,
        :start 1,
        :pause 1,
        :resume 1},
   :nemeses [#unprintable "jepsen.nemesis.combined$partition_nemesis$reify__16416@3cd3cf6b"
             #unprintable "jepsen.nemesis.combined$db_nemesis$reify__16397@6f3f2340"]})
 :nodes ["n0"]
 :test-count 1
 :latency {:mean 0, :dist :constant}
 :bin "/home/ktk/go/bin/maelstorm-echo"
 :generator
 (jepsen.generator.TimeLimit
  {:limit 10000000000,
   :cutoff nil,
   :gen (jepsen.generator.Any
         {:gens [(jepsen.generator.OnThreads
                  {:f #{:nemesis},
                   :context-filter #object[jepsen.generator.context$make_thread_filter$lazy_filter__9167
                                           "0x33dcbdc2"
                                           "jepsen.generator.context$make_thread_filter$lazy_filter__9167@33dcbdc2"],
                   :gen nil})
                 (jepsen.generator.OnThreads
                  {:f #jepsen.generator.context.AllBut{:element :nemesis},
                   :context-filter #object[jepsen.generator.context$make_thread_filter$lazy_filter__9167
                                           "0x3e37c38f"
                                           "jepsen.generator.context$make_thread_filter$lazy_filter__9167@3e37c38f"],
                   :gen (jepsen.generator.Stagger
                         {:dt 400000000,
                          :next-time nil,
                          :gen (jepsen.generator.EachThread
                                {:fresh-gen #object[maelstrom.workload.echo$workload$fn__16882
                                                    "0x2f0b7b6d"
                                                    "maelstrom.workload.echo$workload$fn__16882@2f0b7b6d"],
                                 :context-filters #object[clojure.core$promise$reify__8591
                                                          "0x1766b7"
                                                          {:status :pending,
                                                           :val nil}],
                                 :gens {}})})})]})})
 :log-net-recv false
 :os
 #object[maelstrom.net$jepsen_os$reify__15254
         "0x56f3f9da"
         "maelstrom.net$jepsen_os$reify__15254@56f3f9da"]
 :time-limit 10
 :workload :echo
 :consistency-models [:strict-serializable]
 :topology :grid}

2023-04-10 20:58:18,114{GMT}	INFO	[jepsen node n0] maelstrom.net: Starting Maelstrom network
2023-04-10 20:58:18,116{GMT}	INFO	[jepsen test runner] jepsen.db: Tearing down DB
2023-04-10 20:58:18,118{GMT}	INFO	[jepsen test runner] jepsen.db: Setting up DB
2023-04-10 20:58:18,121{GMT}	INFO	[jepsen node n0] maelstrom.service: Starting services: (lin-kv lin-tso lww-kv seq-kv)
2023-04-10 20:58:18,123{GMT}	INFO	[jepsen node n0] maelstrom.db: Setting up n0
2023-04-10 20:58:18,124{GMT}	INFO	[jepsen node n0] maelstrom.process: launching /home/ktk/go/bin/maelstorm-echo []
2023-04-10 20:58:18,147{GMT}	INFO	[jepsen test runner] jepsen.core: Relative time begins now
2023-04-10 20:58:18,164{GMT}	INFO	[jepsen worker 0] jepsen.util: 0	:invoke	:echo	"Please echo 33"
2023-04-10 20:58:18,171{GMT}	INFO	[jepsen worker 0] jepsen.util: 0	:ok	:echo	{:echo "Please echo 33", :in_reply_to 1, :msg_id 1, :type "echo_ok"}
2023-04-10 20:58:18,296{GMT}	INFO	[jepsen worker 0] jepsen.util: 0	:invoke	:echo	"Please echo 119"
2023-04-10 20:58:18,301{GMT}	INFO	[jepsen worker 0] jepsen.util: 0	:ok	:echo	{:echo "Please echo 119", :in_reply_to 2, :msg_id 2, :type "echo_ok"}
2023-04-10 20:58:18,345{GMT}	INFO	[jepsen worker 0] jepsen.util: 0	:invoke	:echo	"Please echo 109"
2023-04-10 20:58:18,349{GMT}	INFO	[jepsen worker 0] jepsen.util: 0	:ok	:echo	{:echo "Please echo 109", :in_reply_to 3, :msg_id 3, :type "echo_ok"}
2023-04-10 20:58:18,714{GMT}	INFO	[jepsen worker 0] jepsen.util: 0	:invoke	:echo	"Please echo 26"
2023-04-10 20:58:18,719{GMT}	INFO	[jepsen worker 0] jepsen.util: 0	:ok	:echo	{:echo "Please echo 26", :in_reply_to 4, :msg_id 4, :type "echo_ok"}
2023-04-10 20:58:19,013{GMT}	INFO	[jepsen worker 0] jepsen.util: 0	:invoke	:echo	"Please echo 36"
2023-04-10 20:58:19,018{GMT}	INFO	[jepsen worker 0] jepsen.util: 0	:ok	:echo	{:echo "Please echo 36", :in_reply_to 5, :msg_id 5, :type "echo_ok"}
2023-04-10 20:58:19,291{GMT}	INFO	[jepsen worker 0] jepsen.util: 0	:invoke	:echo	"Please echo 45"
2023-04-10 20:58:19,296{GMT}	INFO	[jepsen worker 0] jepsen.util: 0	:ok	:echo	{:echo "Please echo 45", :in_reply_to 6, :msg_id 6, :type "echo_ok"}
2023-04-10 20:58:19,473{GMT}	INFO	[jepsen worker 0] jepsen.util: 0	:invoke	:echo	"Please echo 66"
2023-04-10 20:58:19,478{GMT}	INFO	[jepsen worker 0] jepsen.util: 0	:ok	:echo	{:echo "Please echo 66", :in_reply_to 7, :msg_id 7, :type "echo_ok"}
2023-04-10 20:58:19,504{GMT}	INFO	[jepsen worker 0] jepsen.util: 0	:invoke	:echo	"Please echo 48"
2023-04-10 20:58:19,509{GMT}	INFO	[jepsen worker 0] jepsen.util: 0	:ok	:echo	{:echo "Please echo 48", :in_reply_to 8, :msg_id 8, :type "echo_ok"}
2023-04-10 20:58:19,721{GMT}	INFO	[jepsen worker 0] jepsen.util: 0	:invoke	:echo	"Please echo 108"
2023-04-10 20:58:19,726{GMT}	INFO	[jepsen worker 0] jepsen.util: 0	:ok	:echo	{:echo "Please echo 108", :in_reply_to 9, :msg_id 9, :type "echo_ok"}
2023-04-10 20:58:19,808{GMT}	INFO	[jepsen worker 0] jepsen.util: 0	:invoke	:echo	"Please echo 78"
2023-04-10 20:58:19,813{GMT}	INFO	[jepsen worker 0] jepsen.util: 0	:ok	:echo	{:echo "Please echo 78", :in_reply_to 10, :msg_id 10, :type "echo_ok"}
2023-04-10 20:58:19,969{GMT}	INFO	[jepsen worker 0] jepsen.util: 0	:invoke	:echo	"Please echo 112"
2023-04-10 20:58:19,974{GMT}	INFO	[jepsen worker 0] jepsen.util: 0	:ok	:echo	{:echo "Please echo 112", :in_reply_to 11, :msg_id 11, :type "echo_ok"}
2023-04-10 20:58:20,331{GMT}	INFO	[jepsen worker 0] jepsen.util: 0	:invoke	:echo	"Please echo 109"
2023-04-10 20:58:20,336{GMT}	INFO	[jepsen worker 0] jepsen.util: 0	:ok	:echo	{:echo "Please echo 109", :in_reply_to 12, :msg_id 12, :type "echo_ok"}
2023-04-10 20:58:20,513{GMT}	INFO	[jepsen worker 0] jepsen.util: 0	:invoke	:echo	"Please echo 102"
2023-04-10 20:58:20,518{GMT}	INFO	[jepsen worker 0] jepsen.util: 0	:ok	:echo	{:echo "Please echo 102", :in_reply_to 13, :msg_id 13, :type "echo_ok"}
2023-04-10 20:58:20,561{GMT}	INFO	[jepsen worker 0] jepsen.util: 0	:invoke	:echo	"Please echo 95"
2023-04-10 20:58:20,565{GMT}	INFO	[jepsen worker 0] jepsen.util: 0	:ok	:echo	{:echo "Please echo 95", :in_reply_to 14, :msg_id 14, :type "echo_ok"}
2023-04-10 20:58:20,823{GMT}	INFO	[jepsen worker 0] jepsen.util: 0	:invoke	:echo	"Please echo 14"
2023-04-10 20:58:20,827{GMT}	INFO	[jepsen worker 0] jepsen.util: 0	:ok	:echo	{:echo "Please echo 14", :in_reply_to 15, :msg_id 15, :type "echo_ok"}
2023-04-10 20:58:21,042{GMT}	INFO	[jepsen worker 0] jepsen.util: 0	:invoke	:echo	"Please echo 70"
2023-04-10 20:58:21,046{GMT}	INFO	[jepsen worker 0] jepsen.util: 0	:ok	:echo	{:echo "Please echo 70", :in_reply_to 16, :msg_id 16, :type "echo_ok"}
2023-04-10 20:58:21,215{GMT}	INFO	[jepsen worker 0] jepsen.util: 0	:invoke	:echo	"Please echo 106"
2023-04-10 20:58:21,219{GMT}	INFO	[jepsen worker 0] jepsen.util: 0	:ok	:echo	{:echo "Please echo 106", :in_reply_to 17, :msg_id 17, :type "echo_ok"}
2023-04-10 20:58:21,516{GMT}	INFO	[jepsen worker 0] jepsen.util: 0	:invoke	:echo	"Please echo 84"
2023-04-10 20:58:21,521{GMT}	INFO	[jepsen worker 0] jepsen.util: 0	:ok	:echo	{:echo "Please echo 84", :in_reply_to 18, :msg_id 18, :type "echo_ok"}
2023-04-10 20:58:21,693{GMT}	INFO	[jepsen worker 0] jepsen.util: 0	:invoke	:echo	"Please echo 84"
2023-04-10 20:58:21,698{GMT}	INFO	[jepsen worker 0] jepsen.util: 0	:ok	:echo	{:echo "Please echo 84", :in_reply_to 19, :msg_id 19, :type "echo_ok"}
2023-04-10 20:58:22,020{GMT}	INFO	[jepsen worker 0] jepsen.util: 0	:invoke	:echo	"Please echo 118"
2023-04-10 20:58:22,024{GMT}	INFO	[jepsen worker 0] jepsen.util: 0	:ok	:echo	{:echo "Please echo 118", :in_reply_to 20, :msg_id 20, :type "echo_ok"}
2023-04-10 20:58:22,269{GMT}	INFO	[jepsen worker 0] jepsen.util: 0	:invoke	:echo	"Please echo 3"
2023-04-10 20:58:22,273{GMT}	INFO	[jepsen worker 0] jepsen.util: 0	:ok	:echo	{:echo "Please echo 3", :in_reply_to 21, :msg_id 21, :type "echo_ok"}
2023-04-10 20:58:22,422{GMT}	INFO	[jepsen worker 0] jepsen.util: 0	:invoke	:echo	"Please echo 58"
2023-04-10 20:58:22,426{GMT}	INFO	[jepsen worker 0] jepsen.util: 0	:ok	:echo	{:echo "Please echo 58", :in_reply_to 22, :msg_id 22, :type "echo_ok"}
2023-04-10 20:58:22,624{GMT}	INFO	[jepsen worker 0] jepsen.util: 0	:invoke	:echo	"Please echo 90"
2023-04-10 20:58:22,628{GMT}	INFO	[jepsen worker 0] jepsen.util: 0	:ok	:echo	{:echo "Please echo 90", :in_reply_to 23, :msg_id 23, :type "echo_ok"}
2023-04-10 20:58:22,718{GMT}	INFO	[jepsen worker 0] jepsen.util: 0	:invoke	:echo	"Please echo 73"
2023-04-10 20:58:22,722{GMT}	INFO	[jepsen worker 0] jepsen.util: 0	:ok	:echo	{:echo "Please echo 73", :in_reply_to 24, :msg_id 24, :type "echo_ok"}
2023-04-10 20:58:23,026{GMT}	INFO	[jepsen worker 0] jepsen.util: 0	:invoke	:echo	"Please echo 78"
2023-04-10 20:58:23,031{GMT}	INFO	[jepsen worker 0] jepsen.util: 0	:ok	:echo	{:echo "Please echo 78", :in_reply_to 25, :msg_id 25, :type "echo_ok"}
2023-04-10 20:58:23,262{GMT}	INFO	[jepsen worker 0] jepsen.util: 0	:invoke	:echo	"Please echo 113"
2023-04-10 20:58:23,266{GMT}	INFO	[jepsen worker 0] jepsen.util: 0	:ok	:echo	{:echo "Please echo 113", :in_reply_to 26, :msg_id 26, :type "echo_ok"}
2023-04-10 20:58:23,422{GMT}	INFO	[jepsen worker 0] jepsen.util: 0	:invoke	:echo	"Please echo 89"
2023-04-10 20:58:23,427{GMT}	INFO	[jepsen worker 0] jepsen.util: 0	:ok	:echo	{:echo "Please echo 89", :in_reply_to 27, :msg_id 27, :type "echo_ok"}
2023-04-10 20:58:23,556{GMT}	INFO	[jepsen worker 0] jepsen.util: 0	:invoke	:echo	"Please echo 89"
2023-04-10 20:58:23,561{GMT}	INFO	[jepsen worker 0] jepsen.util: 0	:ok	:echo	{:echo "Please echo 89", :in_reply_to 28, :msg_id 28, :type "echo_ok"}
2023-04-10 20:58:23,886{GMT}	INFO	[jepsen worker 0] jepsen.util: 0	:invoke	:echo	"Please echo 126"
2023-04-10 20:58:23,891{GMT}	INFO	[jepsen worker 0] jepsen.util: 0	:ok	:echo	{:echo "Please echo 126", :in_reply_to 29, :msg_id 29, :type "echo_ok"}
2023-04-10 20:58:24,078{GMT}	INFO	[jepsen worker 0] jepsen.util: 0	:invoke	:echo	"Please echo 94"
2023-04-10 20:58:24,082{GMT}	INFO	[jepsen worker 0] jepsen.util: 0	:ok	:echo	{:echo "Please echo 94", :in_reply_to 30, :msg_id 30, :type "echo_ok"}
2023-04-10 20:58:24,346{GMT}	INFO	[jepsen worker 0] jepsen.util: 0	:invoke	:echo	"Please echo 93"
2023-04-10 20:58:24,351{GMT}	INFO	[jepsen worker 0] jepsen.util: 0	:ok	:echo	{:echo "Please echo 93", :in_reply_to 31, :msg_id 31, :type "echo_ok"}
2023-04-10 20:58:24,388{GMT}	INFO	[jepsen worker 0] jepsen.util: 0	:invoke	:echo	"Please echo 125"
2023-04-10 20:58:24,393{GMT}	INFO	[jepsen worker 0] jepsen.util: 0	:ok	:echo	{:echo "Please echo 125", :in_reply_to 32, :msg_id 32, :type "echo_ok"}
2023-04-10 20:58:24,715{GMT}	INFO	[jepsen worker 0] jepsen.util: 0	:invoke	:echo	"Please echo 37"
2023-04-10 20:58:24,720{GMT}	INFO	[jepsen worker 0] jepsen.util: 0	:ok	:echo	{:echo "Please echo 37", :in_reply_to 33, :msg_id 33, :type "echo_ok"}
2023-04-10 20:58:24,737{GMT}	INFO	[jepsen worker 0] jepsen.util: 0	:invoke	:echo	"Please echo 44"
2023-04-10 20:58:24,739{GMT}	INFO	[jepsen worker 0] jepsen.util: 0	:ok	:echo	{:echo "Please echo 44", :in_reply_to 34, :msg_id 34, :type "echo_ok"}
2023-04-10 20:58:24,943{GMT}	INFO	[jepsen worker 0] jepsen.util: 0	:invoke	:echo	"Please echo 59"
2023-04-10 20:58:24,947{GMT}	INFO	[jepsen worker 0] jepsen.util: 0	:ok	:echo	{:echo "Please echo 59", :in_reply_to 35, :msg_id 35, :type "echo_ok"}
2023-04-10 20:58:25,145{GMT}	INFO	[jepsen worker 0] jepsen.util: 0	:invoke	:echo	"Please echo 69"
2023-04-10 20:58:25,150{GMT}	INFO	[jepsen worker 0] jepsen.util: 0	:ok	:echo	{:echo "Please echo 69", :in_reply_to 36, :msg_id 36, :type "echo_ok"}
2023-04-10 20:58:25,290{GMT}	INFO	[jepsen worker 0] jepsen.util: 0	:invoke	:echo	"Please echo 20"
2023-04-10 20:58:25,295{GMT}	INFO	[jepsen worker 0] jepsen.util: 0	:ok	:echo	{:echo "Please echo 20", :in_reply_to 37, :msg_id 37, :type "echo_ok"}
2023-04-10 20:58:25,483{GMT}	INFO	[jepsen worker 0] jepsen.util: 0	:invoke	:echo	"Please echo 65"
2023-04-10 20:58:25,485{GMT}	INFO	[jepsen worker 0] jepsen.util: 0	:ok	:echo	{:echo "Please echo 65", :in_reply_to 38, :msg_id 38, :type "echo_ok"}
2023-04-10 20:58:25,490{GMT}	INFO	[jepsen worker 0] jepsen.util: 0	:invoke	:echo	"Please echo 8"
2023-04-10 20:58:25,492{GMT}	INFO	[jepsen worker 0] jepsen.util: 0	:ok	:echo	{:echo "Please echo 8", :in_reply_to 39, :msg_id 39, :type "echo_ok"}
2023-04-10 20:58:25,636{GMT}	INFO	[jepsen worker 0] jepsen.util: 0	:invoke	:echo	"Please echo 5"
2023-04-10 20:58:25,640{GMT}	INFO	[jepsen worker 0] jepsen.util: 0	:ok	:echo	{:echo "Please echo 5", :in_reply_to 40, :msg_id 40, :type "echo_ok"}
2023-04-10 20:58:25,793{GMT}	INFO	[jepsen worker 0] jepsen.util: 0	:invoke	:echo	"Please echo 40"
2023-04-10 20:58:25,798{GMT}	INFO	[jepsen worker 0] jepsen.util: 0	:ok	:echo	{:echo "Please echo 40", :in_reply_to 41, :msg_id 41, :type "echo_ok"}
2023-04-10 20:58:25,799{GMT}	INFO	[jepsen worker 0] jepsen.util: 0	:invoke	:echo	"Please echo 15"
2023-04-10 20:58:25,802{GMT}	INFO	[jepsen worker 0] jepsen.util: 0	:ok	:echo	{:echo "Please echo 15", :in_reply_to 42, :msg_id 42, :type "echo_ok"}
2023-04-10 20:58:25,965{GMT}	INFO	[jepsen worker 0] jepsen.util: 0	:invoke	:echo	"Please echo 108"
2023-04-10 20:58:25,967{GMT}	INFO	[jepsen worker 0] jepsen.util: 0	:ok	:echo	{:echo "Please echo 108", :in_reply_to 43, :msg_id 43, :type "echo_ok"}
2023-04-10 20:58:26,190{GMT}	INFO	[jepsen worker 0] jepsen.util: 0	:invoke	:echo	"Please echo 78"
2023-04-10 20:58:26,195{GMT}	INFO	[jepsen worker 0] jepsen.util: 0	:ok	:echo	{:echo "Please echo 78", :in_reply_to 44, :msg_id 44, :type "echo_ok"}
2023-04-10 20:58:26,221{GMT}	INFO	[jepsen worker 0] jepsen.util: 0	:invoke	:echo	"Please echo 56"
2023-04-10 20:58:26,225{GMT}	INFO	[jepsen worker 0] jepsen.util: 0	:ok	:echo	{:echo "Please echo 56", :in_reply_to 45, :msg_id 45, :type "echo_ok"}
2023-04-10 20:58:26,541{GMT}	INFO	[jepsen worker 0] jepsen.util: 0	:invoke	:echo	"Please echo 84"
2023-04-10 20:58:26,545{GMT}	INFO	[jepsen worker 0] jepsen.util: 0	:ok	:echo	{:echo "Please echo 84", :in_reply_to 46, :msg_id 46, :type "echo_ok"}
2023-04-10 20:58:26,673{GMT}	INFO	[jepsen worker 0] jepsen.util: 0	:invoke	:echo	"Please echo 66"
2023-04-10 20:58:26,676{GMT}	INFO	[jepsen worker 0] jepsen.util: 0	:ok	:echo	{:echo "Please echo 66", :in_reply_to 47, :msg_id 47, :type "echo_ok"}
2023-04-10 20:58:26,723{GMT}	INFO	[jepsen worker 0] jepsen.util: 0	:invoke	:echo	"Please echo 42"
2023-04-10 20:58:26,728{GMT}	INFO	[jepsen worker 0] jepsen.util: 0	:ok	:echo	{:echo "Please echo 42", :in_reply_to 48, :msg_id 48, :type "echo_ok"}
2023-04-10 20:58:27,018{GMT}	INFO	[jepsen worker 0] jepsen.util: 0	:invoke	:echo	"Please echo 29"
2023-04-10 20:58:27,022{GMT}	INFO	[jepsen worker 0] jepsen.util: 0	:ok	:echo	{:echo "Please echo 29", :in_reply_to 49, :msg_id 49, :type "echo_ok"}
2023-04-10 20:58:27,090{GMT}	INFO	[jepsen worker 0] jepsen.util: 0	:invoke	:echo	"Please echo 6"
2023-04-10 20:58:27,094{GMT}	INFO	[jepsen worker 0] jepsen.util: 0	:ok	:echo	{:echo "Please echo 6", :in_reply_to 50, :msg_id 50, :type "echo_ok"}
2023-04-10 20:58:27,282{GMT}	INFO	[jepsen worker 0] jepsen.util: 0	:invoke	:echo	"Please echo 63"
2023-04-10 20:58:27,286{GMT}	INFO	[jepsen worker 0] jepsen.util: 0	:ok	:echo	{:echo "Please echo 63", :in_reply_to 51, :msg_id 51, :type "echo_ok"}
2023-04-10 20:58:27,432{GMT}	INFO	[jepsen worker 0] jepsen.util: 0	:invoke	:echo	"Please echo 108"
2023-04-10 20:58:27,436{GMT}	INFO	[jepsen worker 0] jepsen.util: 0	:ok	:echo	{:echo "Please echo 108", :in_reply_to 52, :msg_id 52, :type "echo_ok"}
2023-04-10 20:58:27,459{GMT}	INFO	[jepsen worker 0] jepsen.util: 0	:invoke	:echo	"Please echo 102"
2023-04-10 20:58:27,464{GMT}	INFO	[jepsen worker 0] jepsen.util: 0	:ok	:echo	{:echo "Please echo 102", :in_reply_to 53, :msg_id 53, :type "echo_ok"}
2023-04-10 20:58:27,479{GMT}	INFO	[jepsen worker 0] jepsen.util: 0	:invoke	:echo	"Please echo 83"
2023-04-10 20:58:27,483{GMT}	INFO	[jepsen worker 0] jepsen.util: 0	:ok	:echo	{:echo "Please echo 83", :in_reply_to 54, :msg_id 54, :type "echo_ok"}
2023-04-10 20:58:27,791{GMT}	INFO	[jepsen worker 0] jepsen.util: 0	:invoke	:echo	"Please echo 61"
2023-04-10 20:58:27,795{GMT}	INFO	[jepsen worker 0] jepsen.util: 0	:ok	:echo	{:echo "Please echo 61", :in_reply_to 55, :msg_id 55, :type "echo_ok"}
2023-04-10 20:58:27,835{GMT}	INFO	[jepsen worker 0] jepsen.util: 0	:invoke	:echo	"Please echo 24"
2023-04-10 20:58:27,838{GMT}	INFO	[jepsen worker 0] jepsen.util: 0	:ok	:echo	{:echo "Please echo 24", :in_reply_to 56, :msg_id 56, :type "echo_ok"}
2023-04-10 20:58:27,876{GMT}	INFO	[jepsen test runner] jepsen.core: Run complete, writing
2023-04-10 20:58:27,946{GMT}	INFO	[jepsen node n0] maelstrom.db: Tearing down n0
2023-04-10 20:58:29,131{GMT}	INFO	[jepsen node n0] maelstrom.net: Shutting down Maelstrom network
2023-04-10 20:58:29,133{GMT}	INFO	[jepsen test runner] jepsen.core: Analyzing...
2023-04-10 20:58:29,424{GMT}	INFO	[jepsen test runner] jepsen.core: Analysis complete
2023-04-10 20:58:29,435{GMT}	INFO	[jepsen results] jepsen.store: Wrote /home/ktk/dist-sys-chanllenges/maelstrom-echo/store/echo/20230410T205816.046+0530/results.edn
2023-04-10 20:58:29,449{GMT}	INFO	[jepsen test runner] jepsen.core: {:perf {:latency-graph {:valid? true},
        :rate-graph {:valid? true},
        :valid? true},
 :timeline {:valid? true},
 :exceptions {:valid? true},
 :stats {:valid? true,
         :count 56,
         :ok-count 56,
         :fail-count 0,
         :info-count 0,
         :by-f {:echo {:valid? true,
                       :count 56,
                       :ok-count 56,
                       :fail-count 0,
                       :info-count 0}}},
 :availability {:valid? true, :ok-fraction 1.0},
 :net {:all {:send-count 114,
             :recv-count 114,
             :msg-count 114,
             :msgs-per-op 2.0357144},
       :clients {:send-count 114, :recv-count 114, :msg-count 114},
       :servers {:send-count 0,
                 :recv-count 0,
                 :msg-count 0,
                 :msgs-per-op 0.0},
       :valid? true},
 :workload {:valid? true, :errors ()},
 :valid? true}


Everything looks good! ヽ(‘ー`)ノ
