2023/04/12 00:24:49 Received {c4 n0 {"type":"init","node_id":"n0","node_ids":["n0","n1","n2","n3","n4"],"msg_id":1}}
2023/04/12 00:24:49 Node n0 initialized
2023/04/12 00:24:49 Sent {"src":"n0","dest":"c4","body":{"in_reply_to":1,"type":"init_ok"}}
2023/04/12 00:24:49 Received {c7 n0 {"type":"topology","topology":{"n0":["n3","n1"],"n1":["n4","n2","n0"],"n2":["n1"],"n3":["n0","n4"],"n4":["n1","n3"]},"msg_id":1}}
2023/04/12 00:24:49 Sent {"src":"n0","dest":"c7","body":{"in_reply_to":1,"msg_id":1,"type":"topology_ok"}}
2023/04/12 00:24:49 Received {c10 n0 {"type":"read","msg_id":1}}
2023/04/12 00:24:49 Sent {"src":"n0","dest":"c10","body":{"in_reply_to":1,"messages":[],"msg_id":1,"type":"read_ok"}}
2023/04/12 00:24:49 Received {c10 n0 {"type":"read","msg_id":2}}
2023/04/12 00:24:49 Sent {"src":"n0","dest":"c10","body":{"in_reply_to":2,"messages":[],"msg_id":2,"type":"read_ok"}}
2023/04/12 00:24:49 Received {c10 n0 {"type":"read","msg_id":3}}
2023/04/12 00:24:49 Sent {"src":"n0","dest":"c10","body":{"in_reply_to":3,"messages":[],"msg_id":3,"type":"read_ok"}}
2023/04/12 00:24:50 Received {c10 n0 {"type":"broadcast","message":6,"msg_id":4}}
2023/04/12 00:24:50 Sent {"src":"n0","dest":"c10","body":{"in_reply_to":4,"msg_id":4,"type":"broadcast_ok"}}
2023/04/12 00:24:51 Received {c10 n0 {"type":"broadcast","message":9,"msg_id":5}}
2023/04/12 00:24:51 Sent {"src":"n0","dest":"c10","body":{"in_reply_to":5,"msg_id":5,"type":"broadcast_ok"}}
2023/04/12 00:24:51 Received {c10 n0 {"type":"read","msg_id":6}}
2023/04/12 00:24:51 Sent {"src":"n0","dest":"c10","body":{"in_reply_to":6,"messages":[6,9],"msg_id":6,"type":"read_ok"}}
2023/04/12 00:24:51 Received {c10 n0 {"type":"read","msg_id":7}}
2023/04/12 00:24:51 Sent {"src":"n0","dest":"c10","body":{"in_reply_to":7,"messages":[6,9],"msg_id":7,"type":"read_ok"}}
2023/04/12 00:24:51 Received {c10 n0 {"type":"broadcast","message":11,"msg_id":8}}
2023/04/12 00:24:51 Sent {"src":"n0","dest":"c10","body":{"in_reply_to":8,"msg_id":8,"type":"broadcast_ok"}}
2023/04/12 00:24:52 Received {c10 n0 {"type":"read","msg_id":9}}
2023/04/12 00:24:52 Sent {"src":"n0","dest":"c10","body":{"in_reply_to":9,"messages":[6,9,11],"msg_id":9,"type":"read_ok"}}
2023/04/12 00:24:52 Received {c10 n0 {"type":"broadcast","message":14,"msg_id":10}}
2023/04/12 00:24:52 Sent {"src":"n0","dest":"c10","body":{"in_reply_to":10,"msg_id":10,"type":"broadcast_ok"}}
2023/04/12 00:24:52 Received {c10 n0 {"type":"read","msg_id":11}}
2023/04/12 00:24:52 Sent {"src":"n0","dest":"c10","body":{"in_reply_to":11,"messages":[6,9,11,14],"msg_id":11,"type":"read_ok"}}
2023/04/12 00:24:52 Received {c10 n0 {"type":"read","msg_id":12}}
2023/04/12 00:24:52 Sent {"src":"n0","dest":"c10","body":{"in_reply_to":12,"messages":[6,9,11,14],"msg_id":12,"type":"read_ok"}}
2023/04/12 00:24:53 Received {c10 n0 {"type":"broadcast","message":18,"msg_id":13}}
2023/04/12 00:24:53 Sent {"src":"n0","dest":"c10","body":{"in_reply_to":13,"msg_id":13,"type":"broadcast_ok"}}
2023/04/12 00:24:53 Received {c10 n0 {"type":"read","msg_id":14}}
2023/04/12 00:24:53 Sent {"src":"n0","dest":"c10","body":{"in_reply_to":14,"messages":[6,9,11,14,18],"msg_id":14,"type":"read_ok"}}
2023/04/12 00:24:53 Received {c10 n0 {"type":"broadcast","message":21,"msg_id":15}}
2023/04/12 00:24:53 Sent {"src":"n0","dest":"c10","body":{"in_reply_to":15,"msg_id":15,"type":"broadcast_ok"}}
2023/04/12 00:24:54 Received {c10 n0 {"type":"read","msg_id":16}}
2023/04/12 00:24:54 Sent {"src":"n0","dest":"c10","body":{"in_reply_to":16,"messages":[6,9,11,14,18,21],"msg_id":16,"type":"read_ok"}}
2023/04/12 00:24:54 Received {c10 n0 {"type":"read","msg_id":17}}
2023/04/12 00:24:54 Sent {"src":"n0","dest":"c10","body":{"in_reply_to":17,"messages":[6,9,11,14,18,21],"msg_id":17,"type":"read_ok"}}
2023/04/12 00:24:54 Received {c10 n0 {"type":"read","msg_id":18}}
2023/04/12 00:24:54 Sent {"src":"n0","dest":"c10","body":{"in_reply_to":18,"messages":[6,9,11,14,18,21],"msg_id":18,"type":"read_ok"}}
2023/04/12 00:24:55 Received {c10 n0 {"type":"read","msg_id":19}}
2023/04/12 00:24:55 Sent {"src":"n0","dest":"c10","body":{"in_reply_to":19,"messages":[6,9,11,14,18,21],"msg_id":19,"type":"read_ok"}}
2023/04/12 00:24:55 Received {c10 n0 {"type":"broadcast","message":25,"msg_id":20}}
2023/04/12 00:24:55 Sent {"src":"n0","dest":"c10","body":{"in_reply_to":20,"msg_id":20,"type":"broadcast_ok"}}
2023/04/12 00:24:55 Received {c10 n0 {"type":"read","msg_id":21}}
2023/04/12 00:24:55 Sent {"src":"n0","dest":"c10","body":{"in_reply_to":21,"messages":[6,9,11,14,18,21,25],"msg_id":21,"type":"read_ok"}}
2023/04/12 00:24:55 Received {c10 n0 {"type":"broadcast","message":29,"msg_id":22}}
2023/04/12 00:24:55 Sent {"src":"n0","dest":"c10","body":{"in_reply_to":22,"msg_id":22,"type":"broadcast_ok"}}
2023/04/12 00:24:56 Received {c10 n0 {"type":"read","msg_id":23}}
2023/04/12 00:24:56 Sent {"src":"n0","dest":"c10","body":{"in_reply_to":23,"messages":[6,9,11,14,18,21,25,29],"msg_id":23,"type":"read_ok"}}
2023/04/12 00:24:56 Received {c10 n0 {"type":"read","msg_id":24}}
2023/04/12 00:24:56 Sent {"src":"n0","dest":"c10","body":{"in_reply_to":24,"messages":[6,9,11,14,18,21,25,29],"msg_id":24,"type":"read_ok"}}
2023/04/12 00:24:56 Received {c10 n0 {"type":"read","msg_id":25}}
2023/04/12 00:24:56 Sent {"src":"n0","dest":"c10","body":{"in_reply_to":25,"messages":[6,9,11,14,18,21,25,29],"msg_id":25,"type":"read_ok"}}
2023/04/12 00:24:56 Received {c10 n0 {"type":"broadcast","message":33,"msg_id":26}}
2023/04/12 00:24:56 Sent {"src":"n0","dest":"c10","body":{"in_reply_to":26,"msg_id":26,"type":"broadcast_ok"}}
2023/04/12 00:24:57 Received {c10 n0 {"type":"read","msg_id":27}}
2023/04/12 00:24:57 Sent {"src":"n0","dest":"c10","body":{"in_reply_to":27,"messages":[6,9,11,14,18,21,25,29,33],"msg_id":27,"type":"read_ok"}}
2023/04/12 00:24:57 Received {c10 n0 {"type":"read","msg_id":28}}
2023/04/12 00:24:57 Sent {"src":"n0","dest":"c10","body":{"in_reply_to":28,"messages":[6,9,11,14,18,21,25,29,33],"msg_id":28,"type":"read_ok"}}
2023/04/12 00:24:58 Received {c10 n0 {"type":"read","msg_id":29}}
2023/04/12 00:24:58 Sent {"src":"n0","dest":"c10","body":{"in_reply_to":29,"messages":[6,9,11,14,18,21,25,29,33],"msg_id":29,"type":"read_ok"}}
2023/04/12 00:24:58 Received {c10 n0 {"type":"read","msg_id":30}}
2023/04/12 00:24:58 Sent {"src":"n0","dest":"c10","body":{"in_reply_to":30,"messages":[6,9,11,14,18,21,25,29,33],"msg_id":30,"type":"read_ok"}}
2023/04/12 00:24:58 Received {c10 n0 {"type":"read","msg_id":31}}
2023/04/12 00:24:58 Sent {"src":"n0","dest":"c10","body":{"in_reply_to":31,"messages":[6,9,11,14,18,21,25,29,33],"msg_id":31,"type":"read_ok"}}
2023/04/12 00:24:58 Received {c10 n0 {"type":"read","msg_id":32}}
2023/04/12 00:24:58 Sent {"src":"n0","dest":"c10","body":{"in_reply_to":32,"messages":[6,9,11,14,18,21,25,29,33],"msg_id":32,"type":"read_ok"}}
2023/04/12 00:24:59 Received {c10 n0 {"type":"read","msg_id":33}}
2023/04/12 00:24:59 Sent {"src":"n0","dest":"c10","body":{"in_reply_to":33,"messages":[6,9,11,14,18,21,25,29,33],"msg_id":33,"type":"read_ok"}}
2023/04/12 00:24:59 Received {c10 n0 {"type":"broadcast","message":41,"msg_id":34}}
2023/04/12 00:24:59 Sent {"src":"n0","dest":"c10","body":{"in_reply_to":34,"msg_id":34,"type":"broadcast_ok"}}
2023/04/12 00:25:00 Received {c10 n0 {"type":"broadcast","message":44,"msg_id":35}}
2023/04/12 00:25:00 Sent {"src":"n0","dest":"c10","body":{"in_reply_to":35,"msg_id":35,"type":"broadcast_ok"}}
2023/04/12 00:25:00 Received {c10 n0 {"type":"broadcast","message":45,"msg_id":36}}
2023/04/12 00:25:00 Sent {"src":"n0","dest":"c10","body":{"in_reply_to":36,"msg_id":36,"type":"broadcast_ok"}}
2023/04/12 00:25:00 Received {c10 n0 {"type":"read","msg_id":37}}
2023/04/12 00:25:00 Sent {"src":"n0","dest":"c10","body":{"in_reply_to":37,"messages":[6,9,11,14,18,21,25,29,33,41,44,45],"msg_id":37,"type":"read_ok"}}
2023/04/12 00:25:00 Received {c10 n0 {"type":"broadcast","message":47,"msg_id":38}}
2023/04/12 00:25:00 Sent {"src":"n0","dest":"c10","body":{"in_reply_to":38,"msg_id":38,"type":"broadcast_ok"}}
2023/04/12 00:25:01 Received {c10 n0 {"type":"read","msg_id":39}}
2023/04/12 00:25:01 Sent {"src":"n0","dest":"c10","body":{"in_reply_to":39,"messages":[6,9,11,14,18,21,25,29,33,41,44,45,47],"msg_id":39,"type":"read_ok"}}
2023/04/12 00:25:01 Received {c10 n0 {"type":"read","msg_id":40}}
2023/04/12 00:25:01 Sent {"src":"n0","dest":"c10","body":{"in_reply_to":40,"messages":[6,9,11,14,18,21,25,29,33,41,44,45,47],"msg_id":40,"type":"read_ok"}}
2023/04/12 00:25:02 Received {c10 n0 {"type":"broadcast","message":51,"msg_id":41}}
2023/04/12 00:25:02 Sent {"src":"n0","dest":"c10","body":{"in_reply_to":41,"msg_id":41,"type":"broadcast_ok"}}
2023/04/12 00:25:02 Received {c10 n0 {"type":"broadcast","message":52,"msg_id":42}}
2023/04/12 00:25:02 Sent {"src":"n0","dest":"c10","body":{"in_reply_to":42,"msg_id":42,"type":"broadcast_ok"}}
2023/04/12 00:25:02 Received {c10 n0 {"type":"read","msg_id":43}}
2023/04/12 00:25:02 Sent {"src":"n0","dest":"c10","body":{"in_reply_to":43,"messages":[6,9,11,14,18,21,25,29,33,41,44,45,47,51,52],"msg_id":43,"type":"read_ok"}}
2023/04/12 00:25:02 Received {c10 n0 {"type":"broadcast","message":57,"msg_id":44}}
2023/04/12 00:25:02 Sent {"src":"n0","dest":"c10","body":{"in_reply_to":44,"msg_id":44,"type":"broadcast_ok"}}
2023/04/12 00:25:03 Received {c10 n0 {"type":"read","msg_id":45}}
2023/04/12 00:25:03 Sent {"src":"n0","dest":"c10","body":{"in_reply_to":45,"messages":[6,9,11,14,18,21,25,29,33,41,44,45,47,51,52,57],"msg_id":45,"type":"read_ok"}}
2023/04/12 00:25:03 Received {c10 n0 {"type":"broadcast","message":62,"msg_id":46}}
2023/04/12 00:25:03 Sent {"src":"n0","dest":"c10","body":{"in_reply_to":46,"msg_id":46,"type":"broadcast_ok"}}
2023/04/12 00:25:03 Received {c10 n0 {"type":"read","msg_id":47}}
2023/04/12 00:25:03 Sent {"src":"n0","dest":"c10","body":{"in_reply_to":47,"messages":[6,9,11,14,18,21,25,29,33,41,44,45,47,51,52,57,62],"msg_id":47,"type":"read_ok"}}
2023/04/12 00:25:04 Received {c10 n0 {"type":"read","msg_id":48}}
2023/04/12 00:25:04 Sent {"src":"n0","dest":"c10","body":{"in_reply_to":48,"messages":[6,9,11,14,18,21,25,29,33,41,44,45,47,51,52,57,62],"msg_id":48,"type":"read_ok"}}
2023/04/12 00:25:04 Received {c10 n0 {"type":"read","msg_id":49}}
2023/04/12 00:25:04 Sent {"src":"n0","dest":"c10","body":{"in_reply_to":49,"messages":[6,9,11,14,18,21,25,29,33,41,44,45,47,51,52,57,62],"msg_id":49,"type":"read_ok"}}
2023/04/12 00:25:04 Received {c10 n0 {"type":"read","msg_id":50}}
2023/04/12 00:25:04 Sent {"src":"n0","dest":"c10","body":{"in_reply_to":50,"messages":[6,9,11,14,18,21,25,29,33,41,44,45,47,51,52,57,62],"msg_id":50,"type":"read_ok"}}
2023/04/12 00:25:05 Received {c10 n0 {"type":"read","msg_id":51}}
2023/04/12 00:25:05 Sent {"src":"n0","dest":"c10","body":{"in_reply_to":51,"messages":[6,9,11,14,18,21,25,29,33,41,44,45,47,51,52,57,62],"msg_id":51,"type":"read_ok"}}
2023/04/12 00:25:05 Received {c10 n0 {"type":"broadcast","message":66,"msg_id":52}}
2023/04/12 00:25:05 Sent {"src":"n0","dest":"c10","body":{"in_reply_to":52,"msg_id":52,"type":"broadcast_ok"}}
2023/04/12 00:25:06 Received {c10 n0 {"type":"broadcast","message":70,"msg_id":53}}
2023/04/12 00:25:06 Sent {"src":"n0","dest":"c10","body":{"in_reply_to":53,"msg_id":53,"type":"broadcast_ok"}}
2023/04/12 00:25:06 Received {c10 n0 {"type":"broadcast","message":73,"msg_id":54}}
2023/04/12 00:25:06 Sent {"src":"n0","dest":"c10","body":{"in_reply_to":54,"msg_id":54,"type":"broadcast_ok"}}
2023/04/12 00:25:06 Received {c10 n0 {"type":"broadcast","message":74,"msg_id":55}}
2023/04/12 00:25:06 Sent {"src":"n0","dest":"c10","body":{"in_reply_to":55,"msg_id":55,"type":"broadcast_ok"}}
2023/04/12 00:25:07 Received {c10 n0 {"type":"broadcast","message":76,"msg_id":56}}
2023/04/12 00:25:07 Sent {"src":"n0","dest":"c10","body":{"in_reply_to":56,"msg_id":56,"type":"broadcast_ok"}}
2023/04/12 00:25:07 Received {c10 n0 {"type":"read","msg_id":57}}
2023/04/12 00:25:07 Sent {"src":"n0","dest":"c10","body":{"in_reply_to":57,"messages":[6,9,11,14,18,21,25,29,33,41,44,45,47,51,52,57,62,66,70,73,74,76],"msg_id":57,"type":"read_ok"}}
2023/04/12 00:25:07 Received {c10 n0 {"type":"broadcast","message":81,"msg_id":58}}
2023/04/12 00:25:07 Sent {"src":"n0","dest":"c10","body":{"in_reply_to":58,"msg_id":58,"type":"broadcast_ok"}}
2023/04/12 00:25:07 Received {c10 n0 {"type":"broadcast","message":82,"msg_id":59}}
2023/04/12 00:25:07 Sent {"src":"n0","dest":"c10","body":{"in_reply_to":59,"msg_id":59,"type":"broadcast_ok"}}
2023/04/12 00:25:08 Received {c10 n0 {"type":"read","msg_id":60}}
2023/04/12 00:25:08 Sent {"src":"n0","dest":"c10","body":{"in_reply_to":60,"messages":[6,9,11,14,18,21,25,29,33,41,44,45,47,51,52,57,62,66,70,73,74,76,81,82],"msg_id":60,"type":"read_ok"}}
2023/04/12 00:25:08 Received {c10 n0 {"type":"broadcast","message":85,"msg_id":61}}
2023/04/12 00:25:08 Sent {"src":"n0","dest":"c10","body":{"in_reply_to":61,"msg_id":61,"type":"broadcast_ok"}}
2023/04/12 00:25:08 Received {c10 n0 {"type":"broadcast","message":87,"msg_id":62}}
2023/04/12 00:25:08 Sent {"src":"n0","dest":"c10","body":{"in_reply_to":62,"msg_id":62,"type":"broadcast_ok"}}
2023/04/12 00:25:08 Received {c10 n0 {"type":"broadcast","message":88,"msg_id":63}}
2023/04/12 00:25:08 Sent {"src":"n0","dest":"c10","body":{"in_reply_to":63,"msg_id":63,"type":"broadcast_ok"}}
2023/04/12 00:25:09 Received {c10 n0 {"type":"read","msg_id":64}}
2023/04/12 00:25:09 Sent {"src":"n0","dest":"c10","body":{"in_reply_to":64,"messages":[6,9,11,14,18,21,25,29,33,41,44,45,47,51,52,57,62,66,70,73,74,76,81,82,85,87,88],"msg_id":64,"type":"read_ok"}}
2023/04/12 00:25:09 Received {c10 n0 {"type":"read","msg_id":65}}
2023/04/12 00:25:09 Sent {"src":"n0","dest":"c10","body":{"in_reply_to":65,"messages":[6,9,11,14,18,21,25,29,33,41,44,45,47,51,52,57,62,66,70,73,74,76,81,82,85,87,88],"msg_id":65,"type":"read_ok"}}
2023/04/12 00:25:19 Received {c10 n0 {"type":"read","msg_id":66}}
2023/04/12 00:25:19 Sent {"src":"n0","dest":"c10","body":{"in_reply_to":66,"messages":[6,9,11,14,18,21,25,29,33,41,44,45,47,51,52,57,62,66,70,73,74,76,81,82,85,87,88],"msg_id":66,"type":"read_ok"}}
