2023/04/12 00:24:49 Received {c1 n1 {"type":"init","node_id":"n1","node_ids":["n0","n1","n2","n3","n4"],"msg_id":1}}
2023/04/12 00:24:49 Node n1 initialized
2023/04/12 00:24:49 Sent {"src":"n1","dest":"c1","body":{"in_reply_to":1,"type":"init_ok"}}
2023/04/12 00:24:49 Received {c5 n1 {"type":"topology","topology":{"n0":["n3","n1"],"n1":["n4","n2","n0"],"n2":["n1"],"n3":["n0","n4"],"n4":["n1","n3"]},"msg_id":1}}
2023/04/12 00:24:49 Sent {"src":"n1","dest":"c5","body":{"in_reply_to":1,"msg_id":1,"type":"topology_ok"}}
2023/04/12 00:24:49 Received {c11 n1 {"type":"broadcast","message":0,"msg_id":1}}
2023/04/12 00:24:49 Sent {"src":"n1","dest":"c11","body":{"in_reply_to":1,"msg_id":1,"type":"broadcast_ok"}}
2023/04/12 00:24:50 Received {c11 n1 {"type":"broadcast","message":4,"msg_id":2}}
2023/04/12 00:24:50 Sent {"src":"n1","dest":"c11","body":{"in_reply_to":2,"msg_id":2,"type":"broadcast_ok"}}
2023/04/12 00:24:50 Received {c11 n1 {"type":"read","msg_id":3}}
2023/04/12 00:24:50 Sent {"src":"n1","dest":"c11","body":{"in_reply_to":3,"messages":[0,4],"msg_id":3,"type":"read_ok"}}
2023/04/12 00:24:50 Received {c11 n1 {"type":"broadcast","message":7,"msg_id":4}}
2023/04/12 00:24:50 Sent {"src":"n1","dest":"c11","body":{"in_reply_to":4,"msg_id":4,"type":"broadcast_ok"}}
2023/04/12 00:24:51 Received {c11 n1 {"type":"read","msg_id":5}}
2023/04/12 00:24:51 Sent {"src":"n1","dest":"c11","body":{"in_reply_to":5,"messages":[0,4,7],"msg_id":5,"type":"read_ok"}}
2023/04/12 00:24:51 Received {c11 n1 {"type":"broadcast","message":12,"msg_id":6}}
2023/04/12 00:24:51 Sent {"src":"n1","dest":"c11","body":{"in_reply_to":6,"msg_id":6,"type":"broadcast_ok"}}
2023/04/12 00:24:52 Received {c11 n1 {"type":"broadcast","message":15,"msg_id":7}}
2023/04/12 00:24:52 Sent {"src":"n1","dest":"c11","body":{"in_reply_to":7,"msg_id":7,"type":"broadcast_ok"}}
2023/04/12 00:24:52 Received {c11 n1 {"type":"broadcast","message":17,"msg_id":8}}
2023/04/12 00:24:52 Sent {"src":"n1","dest":"c11","body":{"in_reply_to":8,"msg_id":8,"type":"broadcast_ok"}}
2023/04/12 00:24:53 Received {c11 n1 {"type":"read","msg_id":9}}
2023/04/12 00:24:53 Sent {"src":"n1","dest":"c11","body":{"in_reply_to":9,"messages":[0,4,7,12,15,17],"msg_id":9,"type":"read_ok"}}
2023/04/12 00:24:54 Received {c11 n1 {"type":"broadcast","message":22,"msg_id":10}}
2023/04/12 00:24:54 Sent {"src":"n1","dest":"c11","body":{"in_reply_to":10,"msg_id":10,"type":"broadcast_ok"}}
2023/04/12 00:24:54 Received {c11 n1 {"type":"broadcast","message":24,"msg_id":11}}
2023/04/12 00:24:54 Sent {"src":"n1","dest":"c11","body":{"in_reply_to":11,"msg_id":11,"type":"broadcast_ok"}}
2023/04/12 00:24:55 Received {c11 n1 {"type":"broadcast","message":26,"msg_id":12}}
2023/04/12 00:24:55 Sent {"src":"n1","dest":"c11","body":{"in_reply_to":12,"msg_id":12,"type":"broadcast_ok"}}
2023/04/12 00:24:55 Received {c11 n1 {"type":"broadcast","message":30,"msg_id":13}}
2023/04/12 00:24:55 Sent {"src":"n1","dest":"c11","body":{"in_reply_to":13,"msg_id":13,"type":"broadcast_ok"}}
2023/04/12 00:24:56 Received {c11 n1 {"type":"broadcast","message":31,"msg_id":14}}
2023/04/12 00:24:56 Sent {"src":"n1","dest":"c11","body":{"in_reply_to":14,"msg_id":14,"type":"broadcast_ok"}}
2023/04/12 00:24:56 Received {c11 n1 {"type":"read","msg_id":15}}
2023/04/12 00:24:56 Sent {"src":"n1","dest":"c11","body":{"in_reply_to":15,"messages":[0,4,7,12,15,17,22,24,26,30,31],"msg_id":15,"type":"read_ok"}}
2023/04/12 00:24:57 Received {c11 n1 {"type":"read","msg_id":16}}
2023/04/12 00:24:57 Sent {"src":"n1","dest":"c11","body":{"in_reply_to":16,"messages":[0,4,7,12,15,17,22,24,26,30,31],"msg_id":16,"type":"read_ok"}}
2023/04/12 00:24:58 Received {c11 n1 {"type":"broadcast","message":37,"msg_id":17}}
2023/04/12 00:24:58 Sent {"src":"n1","dest":"c11","body":{"in_reply_to":17,"msg_id":17,"type":"broadcast_ok"}}
2023/04/12 00:24:58 Received {c11 n1 {"type":"broadcast","message":39,"msg_id":18}}
2023/04/12 00:24:58 Sent {"src":"n1","dest":"c11","body":{"in_reply_to":18,"msg_id":18,"type":"broadcast_ok"}}
2023/04/12 00:24:59 Received {c11 n1 {"type":"broadcast","message":42,"msg_id":19}}
2023/04/12 00:24:59 Sent {"src":"n1","dest":"c11","body":{"in_reply_to":19,"msg_id":19,"type":"broadcast_ok"}}
2023/04/12 00:25:00 Received {c11 n1 {"type":"read","msg_id":20}}
2023/04/12 00:25:00 Sent {"src":"n1","dest":"c11","body":{"in_reply_to":20,"messages":[0,4,7,12,15,17,22,24,26,30,31,37,39,42],"msg_id":20,"type":"read_ok"}}
2023/04/12 00:25:01 Received {c11 n1 {"type":"read","msg_id":21}}
2023/04/12 00:25:01 Sent {"src":"n1","dest":"c11","body":{"in_reply_to":21,"messages":[0,4,7,12,15,17,22,24,26,30,31,37,39,42],"msg_id":21,"type":"read_ok"}}
2023/04/12 00:25:01 Received {c11 n1 {"type":"broadcast","message":50,"msg_id":22}}
2023/04/12 00:25:01 Sent {"src":"n1","dest":"c11","body":{"in_reply_to":22,"msg_id":22,"type":"broadcast_ok"}}
2023/04/12 00:25:02 Received {c11 n1 {"type":"broadcast","message":53,"msg_id":23}}
2023/04/12 00:25:02 Sent {"src":"n1","dest":"c11","body":{"in_reply_to":23,"msg_id":23,"type":"broadcast_ok"}}
2023/04/12 00:25:02 Received {c11 n1 {"type":"broadcast","message":58,"msg_id":24}}
2023/04/12 00:25:02 Sent {"src":"n1","dest":"c11","body":{"in_reply_to":24,"msg_id":24,"type":"broadcast_ok"}}
2023/04/12 00:25:03 Received {c11 n1 {"type":"read","msg_id":25}}
2023/04/12 00:25:03 Sent {"src":"n1","dest":"c11","body":{"in_reply_to":25,"messages":[0,4,7,12,15,17,22,24,26,30,31,37,39,42,50,53,58],"msg_id":25,"type":"read_ok"}}
2023/04/12 00:25:04 Received {c11 n1 {"type":"read","msg_id":26}}
2023/04/12 00:25:04 Sent {"src":"n1","dest":"c11","body":{"in_reply_to":26,"messages":[0,4,7,12,15,17,22,24,26,30,31,37,39,42,50,53,58],"msg_id":26,"type":"read_ok"}}
2023/04/12 00:25:05 Received {c11 n1 {"type":"read","msg_id":27}}
2023/04/12 00:25:05 Sent {"src":"n1","dest":"c11","body":{"in_reply_to":27,"messages":[0,4,7,12,15,17,22,24,26,30,31,37,39,42,50,53,58],"msg_id":27,"type":"read_ok"}}
2023/04/12 00:25:05 Received {c11 n1 {"type":"broadcast","message":67,"msg_id":28}}
2023/04/12 00:25:05 Sent {"src":"n1","dest":"c11","body":{"in_reply_to":28,"msg_id":28,"type":"broadcast_ok"}}
2023/04/12 00:25:06 Received {c11 n1 {"type":"broadcast","message":71,"msg_id":29}}
2023/04/12 00:25:06 Sent {"src":"n1","dest":"c11","body":{"in_reply_to":29,"msg_id":29,"type":"broadcast_ok"}}
2023/04/12 00:25:06 Received {c11 n1 {"type":"read","msg_id":30}}
2023/04/12 00:25:06 Sent {"src":"n1","dest":"c11","body":{"in_reply_to":30,"messages":[0,4,7,12,15,17,22,24,26,30,31,37,39,42,50,53,58,67,71],"msg_id":30,"type":"read_ok"}}
2023/04/12 00:25:06 Received {c11 n1 {"type":"read","msg_id":31}}
2023/04/12 00:25:06 Sent {"src":"n1","dest":"c11","body":{"in_reply_to":31,"messages":[0,4,7,12,15,17,22,24,26,30,31,37,39,42,50,53,58,67,71],"msg_id":31,"type":"read_ok"}}
2023/04/12 00:25:07 Received {c11 n1 {"type":"broadcast","message":77,"msg_id":32}}
2023/04/12 00:25:07 Sent {"src":"n1","dest":"c11","body":{"in_reply_to":32,"msg_id":32,"type":"broadcast_ok"}}
2023/04/12 00:25:07 Received {c11 n1 {"type":"broadcast","message":83,"msg_id":33}}
2023/04/12 00:25:07 Sent {"src":"n1","dest":"c11","body":{"in_reply_to":33,"msg_id":33,"type":"broadcast_ok"}}
2023/04/12 00:25:08 Received {c11 n1 {"type":"read","msg_id":34}}
2023/04/12 00:25:08 Sent {"src":"n1","dest":"c11","body":{"in_reply_to":34,"messages":[0,4,7,12,15,17,22,24,26,30,31,37,39,42,50,53,58,67,71,77,83],"msg_id":34,"type":"read_ok"}}
2023/04/12 00:25:08 Received {c11 n1 {"type":"read","msg_id":35}}
2023/04/12 00:25:08 Sent {"src":"n1","dest":"c11","body":{"in_reply_to":35,"messages":[0,4,7,12,15,17,22,24,26,30,31,37,39,42,50,53,58,67,71,77,83],"msg_id":35,"type":"read_ok"}}
2023/04/12 00:25:19 Received {c11 n1 {"type":"read","msg_id":36}}
2023/04/12 00:25:19 Sent {"src":"n1","dest":"c11","body":{"in_reply_to":36,"messages":[0,4,7,12,15,17,22,24,26,30,31,37,39,42,50,53,58,67,71,77,83],"msg_id":36,"type":"read_ok"}}
