2023/04/12 00:24:49 Received {c0 n4 {"type":"init","node_id":"n4","node_ids":["n0","n1","n2","n3","n4"],"msg_id":1}}
2023/04/12 00:24:49 Node n4 initialized
2023/04/12 00:24:49 Sent {"src":"n4","dest":"c0","body":{"in_reply_to":1,"type":"init_ok"}}
2023/04/12 00:24:49 Received {c8 n4 {"type":"topology","topology":{"n0":["n3","n1"],"n1":["n4","n2","n0"],"n2":["n1"],"n3":["n0","n4"],"n4":["n1","n3"]},"msg_id":1}}
2023/04/12 00:24:49 Sent {"src":"n4","dest":"c8","body":{"in_reply_to":1,"msg_id":1,"type":"topology_ok"}}
2023/04/12 00:24:49 Received {c14 n4 {"type":"broadcast","message":3,"msg_id":1}}
2023/04/12 00:24:49 Sent {"src":"n4","dest":"c14","body":{"in_reply_to":1,"msg_id":1,"type":"broadcast_ok"}}
2023/04/12 00:24:50 Received {c14 n4 {"type":"broadcast","message":5,"msg_id":2}}
2023/04/12 00:24:50 Sent {"src":"n4","dest":"c14","body":{"in_reply_to":2,"msg_id":2,"type":"broadcast_ok"}}
2023/04/12 00:24:50 Received {c14 n4 {"type":"read","msg_id":3}}
2023/04/12 00:24:50 Sent {"src":"n4","dest":"c14","body":{"in_reply_to":3,"messages":[3,5],"msg_id":3,"type":"read_ok"}}
2023/04/12 00:24:51 Received {c14 n4 {"type":"read","msg_id":4}}
2023/04/12 00:24:51 Sent {"src":"n4","dest":"c14","body":{"in_reply_to":4,"messages":[3,5],"msg_id":4,"type":"read_ok"}}
2023/04/12 00:24:51 Received {c14 n4 {"type":"read","msg_id":5}}
2023/04/12 00:24:51 Sent {"src":"n4","dest":"c14","body":{"in_reply_to":5,"messages":[3,5],"msg_id":5,"type":"read_ok"}}
2023/04/12 00:24:52 Received {c14 n4 {"type":"read","msg_id":6}}
2023/04/12 00:24:52 Sent {"src":"n4","dest":"c14","body":{"in_reply_to":6,"messages":[3,5],"msg_id":6,"type":"read_ok"}}
2023/04/12 00:24:52 Received {c14 n4 {"type":"read","msg_id":7}}
2023/04/12 00:24:52 Sent {"src":"n4","dest":"c14","body":{"in_reply_to":7,"messages":[3,5],"msg_id":7,"type":"read_ok"}}
2023/04/12 00:24:53 Received {c14 n4 {"type":"broadcast","message":20,"msg_id":8}}
2023/04/12 00:24:53 Sent {"src":"n4","dest":"c14","body":{"in_reply_to":8,"msg_id":8,"type":"broadcast_ok"}}
2023/04/12 00:24:54 Received {c14 n4 {"type":"read","msg_id":9}}
2023/04/12 00:24:54 Sent {"src":"n4","dest":"c14","body":{"in_reply_to":9,"messages":[3,5,20],"msg_id":9,"type":"read_ok"}}
2023/04/12 00:24:54 Received {c14 n4 {"type":"read","msg_id":10}}
2023/04/12 00:24:54 Sent {"src":"n4","dest":"c14","body":{"in_reply_to":10,"messages":[3,5,20],"msg_id":10,"type":"read_ok"}}
2023/04/12 00:24:55 Received {c14 n4 {"type":"broadcast","message":28,"msg_id":11}}
2023/04/12 00:24:55 Sent {"src":"n4","dest":"c14","body":{"in_reply_to":11,"msg_id":11,"type":"broadcast_ok"}}
2023/04/12 00:24:56 Received {c14 n4 {"type":"read","msg_id":12}}
2023/04/12 00:24:56 Sent {"src":"n4","dest":"c14","body":{"in_reply_to":12,"messages":[3,5,20,28],"msg_id":12,"type":"read_ok"}}
2023/04/12 00:24:56 Received {c14 n4 {"type":"broadcast","message":32,"msg_id":13}}
2023/04/12 00:24:56 Sent {"src":"n4","dest":"c14","body":{"in_reply_to":13,"msg_id":13,"type":"broadcast_ok"}}
2023/04/12 00:24:57 Received {c14 n4 {"type":"broadcast","message":34,"msg_id":14}}
2023/04/12 00:24:57 Sent {"src":"n4","dest":"c14","body":{"in_reply_to":14,"msg_id":14,"type":"broadcast_ok"}}
2023/04/12 00:24:58 Received {c14 n4 {"type":"read","msg_id":15}}
2023/04/12 00:24:58 Sent {"src":"n4","dest":"c14","body":{"in_reply_to":15,"messages":[3,5,20,28,32,34],"msg_id":15,"type":"read_ok"}}
2023/04/12 00:24:58 Received {c14 n4 {"type":"read","msg_id":16}}
2023/04/12 00:24:58 Sent {"src":"n4","dest":"c14","body":{"in_reply_to":16,"messages":[3,5,20,28,32,34],"msg_id":16,"type":"read_ok"}}
2023/04/12 00:24:59 Received {c14 n4 {"type":"read","msg_id":17}}
2023/04/12 00:24:59 Sent {"src":"n4","dest":"c14","body":{"in_reply_to":17,"messages":[3,5,20,28,32,34],"msg_id":17,"type":"read_ok"}}
2023/04/12 00:24:59 Received {c14 n4 {"type":"read","msg_id":18}}
2023/04/12 00:24:59 Sent {"src":"n4","dest":"c14","body":{"in_reply_to":18,"messages":[3,5,20,28,32,34],"msg_id":18,"type":"read_ok"}}
2023/04/12 00:25:00 Received {c14 n4 {"type":"read","msg_id":19}}
2023/04/12 00:25:00 Sent {"src":"n4","dest":"c14","body":{"in_reply_to":19,"messages":[3,5,20,28,32,34],"msg_id":19,"type":"read_ok"}}
2023/04/12 00:25:01 Received {c14 n4 {"type":"broadcast","message":49,"msg_id":20}}
2023/04/12 00:25:01 Sent {"src":"n4","dest":"c14","body":{"in_reply_to":20,"msg_id":20,"type":"broadcast_ok"}}
2023/04/12 00:25:01 Received {c14 n4 {"type":"read","msg_id":21}}
2023/04/12 00:25:01 Sent {"src":"n4","dest":"c14","body":{"in_reply_to":21,"messages":[3,5,20,28,32,34,49],"msg_id":21,"type":"read_ok"}}
2023/04/12 00:25:02 Received {c14 n4 {"type":"broadcast","message":56,"msg_id":22}}
2023/04/12 00:25:02 Sent {"src":"n4","dest":"c14","body":{"in_reply_to":22,"msg_id":22,"type":"broadcast_ok"}}
2023/04/12 00:25:03 Received {c14 n4 {"type":"broadcast","message":61,"msg_id":23}}
2023/04/12 00:25:03 Sent {"src":"n4","dest":"c14","body":{"in_reply_to":23,"msg_id":23,"type":"broadcast_ok"}}
2023/04/12 00:25:03 Received {c14 n4 {"type":"read","msg_id":24}}
2023/04/12 00:25:03 Sent {"src":"n4","dest":"c14","body":{"in_reply_to":24,"messages":[3,5,20,28,32,34,49,56,61],"msg_id":24,"type":"read_ok"}}
2023/04/12 00:25:04 Received {c14 n4 {"type":"broadcast","message":65,"msg_id":25}}
2023/04/12 00:25:04 Sent {"src":"n4","dest":"c14","body":{"in_reply_to":25,"msg_id":25,"type":"broadcast_ok"}}
2023/04/12 00:25:05 Received {c14 n4 {"type":"read","msg_id":26}}
2023/04/12 00:25:05 Sent {"src":"n4","dest":"c14","body":{"in_reply_to":26,"messages":[3,5,20,28,32,34,49,56,61,65],"msg_id":26,"type":"read_ok"}}
2023/04/12 00:25:06 Received {c14 n4 {"type":"broadcast","message":69,"msg_id":27}}
2023/04/12 00:25:06 Sent {"src":"n4","dest":"c14","body":{"in_reply_to":27,"msg_id":27,"type":"broadcast_ok"}}
2023/04/12 00:25:06 Received {c14 n4 {"type":"read","msg_id":28}}
2023/04/12 00:25:06 Sent {"src":"n4","dest":"c14","body":{"in_reply_to":28,"messages":[3,5,20,28,32,34,49,56,61,65,69],"msg_id":28,"type":"read_ok"}}
2023/04/12 00:25:06 Received {c14 n4 {"type":"broadcast","message":75,"msg_id":29}}
2023/04/12 00:25:06 Sent {"src":"n4","dest":"c14","body":{"in_reply_to":29,"msg_id":29,"type":"broadcast_ok"}}
2023/04/12 00:25:07 Received {c14 n4 {"type":"broadcast","message":80,"msg_id":30}}
2023/04/12 00:25:07 Sent {"src":"n4","dest":"c14","body":{"in_reply_to":30,"msg_id":30,"type":"broadcast_ok"}}
2023/04/12 00:25:08 Received {c14 n4 {"type":"read","msg_id":31}}
2023/04/12 00:25:08 Sent {"src":"n4","dest":"c14","body":{"in_reply_to":31,"messages":[3,5,20,28,32,34,49,56,61,65,69,75,80],"msg_id":31,"type":"read_ok"}}
2023/04/12 00:25:08 Received {c14 n4 {"type":"read","msg_id":32}}
2023/04/12 00:25:08 Sent {"src":"n4","dest":"c14","body":{"in_reply_to":32,"messages":[3,5,20,28,32,34,49,56,61,65,69,75,80],"msg_id":32,"type":"read_ok"}}
2023/04/12 00:25:09 Received {c14 n4 {"type":"broadcast","message":90,"msg_id":33}}
2023/04/12 00:25:09 Sent {"src":"n4","dest":"c14","body":{"in_reply_to":33,"msg_id":33,"type":"broadcast_ok"}}
2023/04/12 00:25:19 Received {c14 n4 {"type":"read","msg_id":34}}
2023/04/12 00:25:19 Sent {"src":"n4","dest":"c14","body":{"in_reply_to":34,"messages":[3,5,20,28,32,34,49,56,61,65,69,75,80,90],"msg_id":34,"type":"read_ok"}}
