2023-04-12 00:12:50,810{GMT}	INFO	[jepsen test runner] jepsen.core: Test version f752508c6c50e6bfcd23103f55d0683e9803ae8d (plus uncommitted changes)
2023-04-12 00:12:50,811{GMT}	INFO	[jepsen test runner] jepsen.core: Command line:
lein run test -w broadcast --bin /home/ktk/go/bin/maelstrom-broadcast --node-count 1 --time-limit 20 --rate 10
2023-04-12 00:12:50,897{GMT}	INFO	[jepsen test runner] jepsen.core: Running test:
{:args []
 :remote
 #jepsen.control.retry.Remote{:remote #jepsen.control.scp.Remote{:cmd-remote #jepsen.control.sshj.SSHJRemote{:concurrency-limit 6,
                                                                                                             :conn-spec nil,
                                                                                                             :client nil,
                                                                                                             :semaphore nil},
                                                                 :conn-spec nil},
                              :conn nil}
 :log-net-send false
 :node-count 1
 :availability nil
 :max-txn-length 4
 :concurrency 1
 :db
 #object[maelstrom.db$db$reify__16142
         "0x64a009e7"
         "maelstrom.db$db$reify__16142@64a009e7"]
 :max-writes-per-key 16
 :leave-db-running? false
 :name "broadcast"
 :logging-json? false
 :start-time
 #object[org.joda.time.DateTime "0x3cd3cf6b" "2023-04-12T00:12:50.781+05:30"]
 :nemesis-interval 10
 :net
 #object[maelstrom.net$jepsen_net$reify__15251
         "0x6f3f2340"
         "maelstrom.net$jepsen_net$reify__15251@6f3f2340"]
 :client
 #object[maelstrom.workload.broadcast$client$reify__16644
         "0x179dc2"
         "maelstrom.workload.broadcast$client$reify__16644@179dc2"]
 :barrier
 #object[java.util.concurrent.CyclicBarrier
         "0x1802badc"
         "java.util.concurrent.CyclicBarrier@1802badc"]
 :log-stderr false
 :pure-generators true
 :ssh {:dummy? true}
 :rate 10.0
 :checker
 #object[jepsen.checker$compose$reify__11881
         "0x3a089620"
         "jepsen.checker$compose$reify__11881@3a089620"]
 :argv
 ("test"
  "-w"
  "broadcast"
  "--bin"
  "/home/ktk/go/bin/maelstrom-broadcast"
  "--node-count"
  "1"
  "--time-limit"
  "20"
  "--rate"
  "10")
 :nemesis
 (jepsen.nemesis.ReflCompose
  {:fm {:start-partition 0,
        :stop-partition 0,
        :kill 1,
        :start 1,
        :pause 1,
        :resume 1},
   :nemeses [#unprintable "jepsen.nemesis.combined$partition_nemesis$reify__16416@2cbb9702"
             #unprintable "jepsen.nemesis.combined$db_nemesis$reify__16397@10fef6da"]})
 :nodes ["n0"]
 :test-count 1
 :latency {:mean 0, :dist :constant}
 :bin "/home/ktk/go/bin/maelstrom-broadcast"
 :generator
 ((jepsen.generator.Synchronize
   {:gen (jepsen.generator.TimeLimit
          {:limit 20000000000,
           :cutoff nil,
           :gen (jepsen.generator.Any
                 {:gens [(jepsen.generator.OnThreads
                          {:f #{:nemesis},
                           :context-filter #object[jepsen.generator.context$make_thread_filter$lazy_filter__9167
                                                   "0x56587330"
                                                   "jepsen.generator.context$make_thread_filter$lazy_filter__9167@56587330"],
                           :gen nil})
                         (jepsen.generator.OnThreads
                          {:f #jepsen.generator.context.AllBut{:element :nemesis},
                           :context-filter #object[jepsen.generator.context$make_thread_filter$lazy_filter__9167
                                                   "0x227cba85"
                                                   "jepsen.generator.context$make_thread_filter$lazy_filter__9167@227cba85"],
                           :gen (jepsen.generator.Stagger
                                 {:dt 200000000,
                                  :next-time nil,
                                  :gen (jepsen.generator.Mix
                                        {:i 0,
                                         :gens [({:f :broadcast, :value 0}
                                                 {:f :broadcast, :value 1}
                                                 {:f :broadcast, :value 2}
                                                 {:f :broadcast, :value 3}
                                                 {:f :broadcast, :value 4}
                                                 {:f :broadcast, :value 5}
                                                 {:f :broadcast, :value 6}
                                                 {:f :broadcast, :value 7}
                                                 ...)
                                                ({:f :read}
                                                 {:f :read}
                                                 {:f :read}
                                                 {:f :read}
                                                 {:f :read}
                                                 {:f :read}
                                                 {:f :read}
                                                 {:f :read}
                                                 ...)]})})})]})})})
  (jepsen.generator.Synchronize
   {:gen (jepsen.generator.OnThreads
          {:f #{:nemesis},
           :context-filter #object[jepsen.generator.context$make_thread_filter$lazy_filter__9167
                                   "0x5091456c"
                                   "jepsen.generator.context$make_thread_filter$lazy_filter__9167@5091456c"],
           :gen ()})})
  (jepsen.generator.Synchronize
   {:gen {:type :log, :value "Waiting for recovery..."}})
  (jepsen.generator.Synchronize {:gen {:type :sleep, :value 10}})
  (jepsen.generator.Synchronize
   {:gen (jepsen.generator.OnThreads
          {:f #jepsen.generator.context.AllBut{:element :nemesis},
           :context-filter #object[jepsen.generator.context$make_thread_filter$lazy_filter__9167
                                   "0x45c57dbd"
                                   "jepsen.generator.context$make_thread_filter$lazy_filter__9167@45c57dbd"],
           :gen (jepsen.generator.EachThread
                 {:fresh-gen {:f :read, :final? true},
                  :context-filters #object[clojure.core$promise$reify__8591
                                           "0x22a5f12"
                                           {:status :pending, :val nil}],
                  :gens {}})})}))
 :log-net-recv false
 :os
 #object[maelstrom.net$jepsen_os$reify__15254
         "0x316975be"
         "maelstrom.net$jepsen_os$reify__15254@316975be"]
 :time-limit 20
 :workload :broadcast
 :consistency-models [:strict-serializable]
 :topology :grid}

2023-04-12 00:12:52,675{GMT}	INFO	[jepsen node n0] maelstrom.net: Starting Maelstrom network
2023-04-12 00:12:52,676{GMT}	INFO	[jepsen test runner] jepsen.db: Tearing down DB
2023-04-12 00:12:52,679{GMT}	INFO	[jepsen test runner] jepsen.db: Setting up DB
2023-04-12 00:12:52,681{GMT}	INFO	[jepsen node n0] maelstrom.service: Starting services: (lin-kv lin-tso lww-kv seq-kv)
2023-04-12 00:12:52,682{GMT}	INFO	[jepsen node n0] maelstrom.db: Setting up n0
2023-04-12 00:12:52,683{GMT}	INFO	[jepsen node n0] maelstrom.process: launching /home/ktk/go/bin/maelstrom-broadcast []
2023-04-12 00:12:52,700{GMT}	INFO	[jepsen test runner] jepsen.core: Relative time begins now
2023-04-12 00:12:52,714{GMT}	INFO	[jepsen worker 0] jepsen.util: 0	:invoke	:broadcast	0
2023-04-12 00:12:52,717{GMT}	INFO	[jepsen worker 0] jepsen.util: 0	:ok	:broadcast	0
2023-04-12 00:12:52,860{GMT}	INFO	[jepsen worker 0] jepsen.util: 0	:invoke	:read	nil
2023-04-12 00:12:52,862{GMT}	INFO	[jepsen worker 0] jepsen.util: 0	:ok	:read	[0]
2023-04-12 00:12:52,976{GMT}	INFO	[jepsen worker 0] jepsen.util: 0	:invoke	:broadcast	1
2023-04-12 00:12:52,980{GMT}	INFO	[jepsen worker 0] jepsen.util: 0	:ok	:broadcast	1
2023-04-12 00:12:52,981{GMT}	INFO	[jepsen worker 0] jepsen.util: 0	:invoke	:broadcast	2
2023-04-12 00:12:52,982{GMT}	INFO	[jepsen worker 0] jepsen.util: 0	:ok	:broadcast	2
2023-04-12 00:12:52,991{GMT}	INFO	[jepsen worker 0] jepsen.util: 0	:invoke	:broadcast	3
2023-04-12 00:12:52,995{GMT}	INFO	[jepsen worker 0] jepsen.util: 0	:ok	:broadcast	3
2023-04-12 00:12:53,039{GMT}	INFO	[jepsen worker 0] jepsen.util: 0	:invoke	:read	nil
2023-04-12 00:12:53,043{GMT}	INFO	[jepsen worker 0] jepsen.util: 0	:ok	:read	[1 2 3]
2023-04-12 00:12:53,043{GMT}	INFO	[jepsen worker 0] jepsen.util: 0	:invoke	:read	nil
2023-04-12 00:12:53,046{GMT}	INFO	[jepsen worker 0] jepsen.util: 0	:ok	:read	[]
2023-04-12 00:12:53,233{GMT}	INFO	[jepsen worker 0] jepsen.util: 0	:invoke	:read	nil
2023-04-12 00:12:53,237{GMT}	INFO	[jepsen worker 0] jepsen.util: 0	:ok	:read	[]
2023-04-12 00:12:53,391{GMT}	INFO	[jepsen worker 0] jepsen.util: 0	:invoke	:read	nil
2023-04-12 00:12:53,395{GMT}	INFO	[jepsen worker 0] jepsen.util: 0	:ok	:read	[]
2023-04-12 00:12:53,443{GMT}	INFO	[jepsen worker 0] jepsen.util: 0	:invoke	:broadcast	4
2023-04-12 00:12:53,447{GMT}	INFO	[jepsen worker 0] jepsen.util: 0	:ok	:broadcast	4
2023-04-12 00:12:53,465{GMT}	INFO	[jepsen worker 0] jepsen.util: 0	:invoke	:broadcast	5
2023-04-12 00:12:53,467{GMT}	INFO	[jepsen worker 0] jepsen.util: 0	:ok	:broadcast	5
2023-04-12 00:12:53,567{GMT}	INFO	[jepsen worker 0] jepsen.util: 0	:invoke	:read	nil
2023-04-12 00:12:53,571{GMT}	INFO	[jepsen worker 0] jepsen.util: 0	:ok	:read	[4 5]
2023-04-12 00:12:53,726{GMT}	INFO	[jepsen worker 0] jepsen.util: 0	:invoke	:read	nil
2023-04-12 00:12:53,731{GMT}	INFO	[jepsen worker 0] jepsen.util: 0	:ok	:read	[]
2023-04-12 00:12:53,892{GMT}	INFO	[jepsen worker 0] jepsen.util: 0	:invoke	:read	nil
2023-04-12 00:12:53,896{GMT}	INFO	[jepsen worker 0] jepsen.util: 0	:ok	:read	[]
2023-04-12 00:12:53,919{GMT}	INFO	[jepsen worker 0] jepsen.util: 0	:invoke	:read	nil
2023-04-12 00:12:53,925{GMT}	INFO	[jepsen worker 0] jepsen.util: 0	:ok	:read	[]
2023-04-12 00:12:54,069{GMT}	INFO	[jepsen worker 0] jepsen.util: 0	:invoke	:broadcast	6
2023-04-12 00:12:54,073{GMT}	INFO	[jepsen worker 0] jepsen.util: 0	:ok	:broadcast	6
2023-04-12 00:12:54,239{GMT}	INFO	[jepsen worker 0] jepsen.util: 0	:invoke	:broadcast	7
2023-04-12 00:12:54,244{GMT}	INFO	[jepsen worker 0] jepsen.util: 0	:ok	:broadcast	7
2023-04-12 00:12:54,328{GMT}	INFO	[jepsen worker 0] jepsen.util: 0	:invoke	:read	nil
2023-04-12 00:12:54,333{GMT}	INFO	[jepsen worker 0] jepsen.util: 0	:ok	:read	[6 7]
2023-04-12 00:12:54,415{GMT}	INFO	[jepsen worker 0] jepsen.util: 0	:invoke	:read	nil
2023-04-12 00:12:54,420{GMT}	INFO	[jepsen worker 0] jepsen.util: 0	:ok	:read	[]
2023-04-12 00:12:54,421{GMT}	INFO	[jepsen worker 0] jepsen.util: 0	:invoke	:read	nil
2023-04-12 00:12:54,425{GMT}	INFO	[jepsen worker 0] jepsen.util: 0	:ok	:read	[]
2023-04-12 00:12:54,513{GMT}	INFO	[jepsen worker 0] jepsen.util: 0	:invoke	:broadcast	8
2023-04-12 00:12:54,517{GMT}	INFO	[jepsen worker 0] jepsen.util: 0	:ok	:broadcast	8
2023-04-12 00:12:54,593{GMT}	INFO	[jepsen worker 0] jepsen.util: 0	:invoke	:broadcast	9
2023-04-12 00:12:54,598{GMT}	INFO	[jepsen worker 0] jepsen.util: 0	:ok	:broadcast	9
2023-04-12 00:12:54,754{GMT}	INFO	[jepsen worker 0] jepsen.util: 0	:invoke	:read	nil
2023-04-12 00:12:54,759{GMT}	INFO	[jepsen worker 0] jepsen.util: 0	:ok	:read	[8 9]
2023-04-12 00:12:54,853{GMT}	INFO	[jepsen worker 0] jepsen.util: 0	:invoke	:broadcast	10
2023-04-12 00:12:54,857{GMT}	INFO	[jepsen worker 0] jepsen.util: 0	:ok	:broadcast	10
2023-04-12 00:12:54,998{GMT}	INFO	[jepsen worker 0] jepsen.util: 0	:invoke	:broadcast	11
2023-04-12 00:12:55,002{GMT}	INFO	[jepsen worker 0] jepsen.util: 0	:ok	:broadcast	11
2023-04-12 00:12:55,077{GMT}	INFO	[jepsen worker 0] jepsen.util: 0	:invoke	:broadcast	12
2023-04-12 00:12:55,081{GMT}	INFO	[jepsen worker 0] jepsen.util: 0	:ok	:broadcast	12
2023-04-12 00:12:55,167{GMT}	INFO	[jepsen worker 0] jepsen.util: 0	:invoke	:read	nil
2023-04-12 00:12:55,172{GMT}	INFO	[jepsen worker 0] jepsen.util: 0	:ok	:read	[10 11 12]
2023-04-12 00:12:55,277{GMT}	INFO	[jepsen worker 0] jepsen.util: 0	:invoke	:read	nil
2023-04-12 00:12:55,282{GMT}	INFO	[jepsen worker 0] jepsen.util: 0	:ok	:read	[]
2023-04-12 00:12:55,354{GMT}	INFO	[jepsen worker 0] jepsen.util: 0	:invoke	:broadcast	13
2023-04-12 00:12:55,359{GMT}	INFO	[jepsen worker 0] jepsen.util: 0	:ok	:broadcast	13
2023-04-12 00:12:55,530{GMT}	INFO	[jepsen worker 0] jepsen.util: 0	:invoke	:read	nil
2023-04-12 00:12:55,535{GMT}	INFO	[jepsen worker 0] jepsen.util: 0	:ok	:read	[13]
2023-04-12 00:12:55,660{GMT}	INFO	[jepsen worker 0] jepsen.util: 0	:invoke	:read	nil
2023-04-12 00:12:55,664{GMT}	INFO	[jepsen worker 0] jepsen.util: 0	:ok	:read	[]
2023-04-12 00:12:55,748{GMT}	INFO	[jepsen worker 0] jepsen.util: 0	:invoke	:read	nil
2023-04-12 00:12:55,753{GMT}	INFO	[jepsen worker 0] jepsen.util: 0	:ok	:read	[]
2023-04-12 00:12:55,923{GMT}	INFO	[jepsen worker 0] jepsen.util: 0	:invoke	:broadcast	14
2023-04-12 00:12:55,927{GMT}	INFO	[jepsen worker 0] jepsen.util: 0	:ok	:broadcast	14
2023-04-12 00:12:55,962{GMT}	INFO	[jepsen worker 0] jepsen.util: 0	:invoke	:read	nil
2023-04-12 00:12:55,965{GMT}	INFO	[jepsen worker 0] jepsen.util: 0	:ok	:read	[14]
2023-04-12 00:12:55,970{GMT}	INFO	[jepsen worker 0] jepsen.util: 0	:invoke	:broadcast	15
2023-04-12 00:12:55,973{GMT}	INFO	[jepsen worker 0] jepsen.util: 0	:ok	:broadcast	15
2023-04-12 00:12:56,112{GMT}	INFO	[jepsen worker 0] jepsen.util: 0	:invoke	:broadcast	16
2023-04-12 00:12:56,116{GMT}	INFO	[jepsen worker 0] jepsen.util: 0	:ok	:broadcast	16
2023-04-12 00:12:56,177{GMT}	INFO	[jepsen worker 0] jepsen.util: 0	:invoke	:read	nil
2023-04-12 00:12:56,181{GMT}	INFO	[jepsen worker 0] jepsen.util: 0	:ok	:read	[15 16]
2023-04-12 00:12:56,298{GMT}	INFO	[jepsen worker 0] jepsen.util: 0	:invoke	:broadcast	17
2023-04-12 00:12:56,301{GMT}	INFO	[jepsen worker 0] jepsen.util: 0	:ok	:broadcast	17
2023-04-12 00:12:56,460{GMT}	INFO	[jepsen worker 0] jepsen.util: 0	:invoke	:broadcast	18
2023-04-12 00:12:56,464{GMT}	INFO	[jepsen worker 0] jepsen.util: 0	:ok	:broadcast	18
2023-04-12 00:12:56,493{GMT}	INFO	[jepsen worker 0] jepsen.util: 0	:invoke	:read	nil
2023-04-12 00:12:56,496{GMT}	INFO	[jepsen worker 0] jepsen.util: 0	:ok	:read	[17 18]
2023-04-12 00:12:56,619{GMT}	INFO	[jepsen worker 0] jepsen.util: 0	:invoke	:broadcast	19
2023-04-12 00:12:56,623{GMT}	INFO	[jepsen worker 0] jepsen.util: 0	:ok	:broadcast	19
2023-04-12 00:12:56,675{GMT}	INFO	[jepsen worker 0] jepsen.util: 0	:invoke	:read	nil
2023-04-12 00:12:56,679{GMT}	INFO	[jepsen worker 0] jepsen.util: 0	:ok	:read	[19]
2023-04-12 00:12:56,757{GMT}	INFO	[jepsen worker 0] jepsen.util: 0	:invoke	:read	nil
2023-04-12 00:12:56,761{GMT}	INFO	[jepsen worker 0] jepsen.util: 0	:ok	:read	[]
2023-04-12 00:12:56,831{GMT}	INFO	[jepsen worker 0] jepsen.util: 0	:invoke	:broadcast	20
2023-04-12 00:12:56,835{GMT}	INFO	[jepsen worker 0] jepsen.util: 0	:ok	:broadcast	20
2023-04-12 00:12:56,964{GMT}	INFO	[jepsen worker 0] jepsen.util: 0	:invoke	:broadcast	21
2023-04-12 00:12:56,967{GMT}	INFO	[jepsen worker 0] jepsen.util: 0	:ok	:broadcast	21
2023-04-12 00:12:57,032{GMT}	INFO	[jepsen worker 0] jepsen.util: 0	:invoke	:read	nil
2023-04-12 00:12:57,035{GMT}	INFO	[jepsen worker 0] jepsen.util: 0	:ok	:read	[20 21]
2023-04-12 00:12:57,215{GMT}	INFO	[jepsen worker 0] jepsen.util: 0	:invoke	:broadcast	22
2023-04-12 00:12:57,218{GMT}	INFO	[jepsen worker 0] jepsen.util: 0	:ok	:broadcast	22
2023-04-12 00:12:57,238{GMT}	INFO	[jepsen worker 0] jepsen.util: 0	:invoke	:broadcast	23
2023-04-12 00:12:57,241{GMT}	INFO	[jepsen worker 0] jepsen.util: 0	:ok	:broadcast	23
2023-04-12 00:12:57,282{GMT}	INFO	[jepsen worker 0] jepsen.util: 0	:invoke	:read	nil
2023-04-12 00:12:57,286{GMT}	INFO	[jepsen worker 0] jepsen.util: 0	:ok	:read	[22 23]
2023-04-12 00:12:57,343{GMT}	INFO	[jepsen worker 0] jepsen.util: 0	:invoke	:read	nil
2023-04-12 00:12:57,347{GMT}	INFO	[jepsen worker 0] jepsen.util: 0	:ok	:read	[]
2023-04-12 00:12:57,363{GMT}	INFO	[jepsen worker 0] jepsen.util: 0	:invoke	:read	nil
2023-04-12 00:12:57,367{GMT}	INFO	[jepsen worker 0] jepsen.util: 0	:ok	:read	[]
2023-04-12 00:12:57,459{GMT}	INFO	[jepsen worker 0] jepsen.util: 0	:invoke	:broadcast	24
2023-04-12 00:12:57,463{GMT}	INFO	[jepsen worker 0] jepsen.util: 0	:ok	:broadcast	24
2023-04-12 00:12:57,503{GMT}	INFO	[jepsen worker 0] jepsen.util: 0	:invoke	:broadcast	25
2023-04-12 00:12:57,507{GMT}	INFO	[jepsen worker 0] jepsen.util: 0	:ok	:broadcast	25
2023-04-12 00:12:57,657{GMT}	INFO	[jepsen worker 0] jepsen.util: 0	:invoke	:broadcast	26
2023-04-12 00:12:57,660{GMT}	INFO	[jepsen worker 0] jepsen.util: 0	:ok	:broadcast	26
2023-04-12 00:12:57,832{GMT}	INFO	[jepsen worker 0] jepsen.util: 0	:invoke	:broadcast	27
2023-04-12 00:12:57,835{GMT}	INFO	[jepsen worker 0] jepsen.util: 0	:ok	:broadcast	27
2023-04-12 00:12:57,928{GMT}	INFO	[jepsen worker 0] jepsen.util: 0	:invoke	:read	nil
2023-04-12 00:12:57,932{GMT}	INFO	[jepsen worker 0] jepsen.util: 0	:ok	:read	[24 25 26 27]
2023-04-12 00:12:57,983{GMT}	INFO	[jepsen worker 0] jepsen.util: 0	:invoke	:broadcast	28
2023-04-12 00:12:57,987{GMT}	INFO	[jepsen worker 0] jepsen.util: 0	:ok	:broadcast	28
2023-04-12 00:12:58,071{GMT}	INFO	[jepsen worker 0] jepsen.util: 0	:invoke	:broadcast	29
2023-04-12 00:12:58,075{GMT}	INFO	[jepsen worker 0] jepsen.util: 0	:ok	:broadcast	29
2023-04-12 00:12:58,241{GMT}	INFO	[jepsen worker 0] jepsen.util: 0	:invoke	:broadcast	30
2023-04-12 00:12:58,244{GMT}	INFO	[jepsen worker 0] jepsen.util: 0	:ok	:broadcast	30
2023-04-12 00:12:58,435{GMT}	INFO	[jepsen worker 0] jepsen.util: 0	:invoke	:broadcast	31
2023-04-12 00:12:58,438{GMT}	INFO	[jepsen worker 0] jepsen.util: 0	:ok	:broadcast	31
2023-04-12 00:12:58,445{GMT}	INFO	[jepsen worker 0] jepsen.util: 0	:invoke	:broadcast	32
2023-04-12 00:12:58,449{GMT}	INFO	[jepsen worker 0] jepsen.util: 0	:ok	:broadcast	32
2023-04-12 00:12:58,510{GMT}	INFO	[jepsen worker 0] jepsen.util: 0	:invoke	:broadcast	33
2023-04-12 00:12:58,514{GMT}	INFO	[jepsen worker 0] jepsen.util: 0	:ok	:broadcast	33
2023-04-12 00:12:58,552{GMT}	INFO	[jepsen worker 0] jepsen.util: 0	:invoke	:broadcast	34
2023-04-12 00:12:58,556{GMT}	INFO	[jepsen worker 0] jepsen.util: 0	:ok	:broadcast	34
2023-04-12 00:12:58,752{GMT}	INFO	[jepsen worker 0] jepsen.util: 0	:invoke	:broadcast	35
2023-04-12 00:12:58,755{GMT}	INFO	[jepsen worker 0] jepsen.util: 0	:ok	:broadcast	35
2023-04-12 00:12:58,922{GMT}	INFO	[jepsen worker 0] jepsen.util: 0	:invoke	:broadcast	36
2023-04-12 00:12:58,925{GMT}	INFO	[jepsen worker 0] jepsen.util: 0	:ok	:broadcast	36
2023-04-12 00:12:59,027{GMT}	INFO	[jepsen worker 0] jepsen.util: 0	:invoke	:read	nil
2023-04-12 00:12:59,031{GMT}	INFO	[jepsen worker 0] jepsen.util: 0	:ok	:read	[28 29 30 31 32 33 34 35 36]
2023-04-12 00:12:59,169{GMT}	INFO	[jepsen worker 0] jepsen.util: 0	:invoke	:read	nil
2023-04-12 00:12:59,172{GMT}	INFO	[jepsen worker 0] jepsen.util: 0	:ok	:read	[]
2023-04-12 00:12:59,182{GMT}	INFO	[jepsen worker 0] jepsen.util: 0	:invoke	:read	nil
2023-04-12 00:12:59,186{GMT}	INFO	[jepsen worker 0] jepsen.util: 0	:ok	:read	[]
2023-04-12 00:12:59,222{GMT}	INFO	[jepsen worker 0] jepsen.util: 0	:invoke	:read	nil
2023-04-12 00:12:59,225{GMT}	INFO	[jepsen worker 0] jepsen.util: 0	:ok	:read	[]
2023-04-12 00:12:59,410{GMT}	INFO	[jepsen worker 0] jepsen.util: 0	:invoke	:read	nil
2023-04-12 00:12:59,414{GMT}	INFO	[jepsen worker 0] jepsen.util: 0	:ok	:read	[]
2023-04-12 00:12:59,444{GMT}	INFO	[jepsen worker 0] jepsen.util: 0	:invoke	:read	nil
2023-04-12 00:12:59,448{GMT}	INFO	[jepsen worker 0] jepsen.util: 0	:ok	:read	[]
2023-04-12 00:12:59,493{GMT}	INFO	[jepsen worker 0] jepsen.util: 0	:invoke	:broadcast	37
2023-04-12 00:12:59,497{GMT}	INFO	[jepsen worker 0] jepsen.util: 0	:ok	:broadcast	37
2023-04-12 00:12:59,499{GMT}	INFO	[jepsen worker 0] jepsen.util: 0	:invoke	:broadcast	38
2023-04-12 00:12:59,501{GMT}	INFO	[jepsen worker 0] jepsen.util: 0	:ok	:broadcast	38
2023-04-12 00:12:59,607{GMT}	INFO	[jepsen worker 0] jepsen.util: 0	:invoke	:broadcast	39
2023-04-12 00:12:59,610{GMT}	INFO	[jepsen worker 0] jepsen.util: 0	:ok	:broadcast	39
2023-04-12 00:12:59,764{GMT}	INFO	[jepsen worker 0] jepsen.util: 0	:invoke	:broadcast	40
2023-04-12 00:12:59,768{GMT}	INFO	[jepsen worker 0] jepsen.util: 0	:ok	:broadcast	40
2023-04-12 00:12:59,841{GMT}	INFO	[jepsen worker 0] jepsen.util: 0	:invoke	:broadcast	41
2023-04-12 00:12:59,844{GMT}	INFO	[jepsen worker 0] jepsen.util: 0	:ok	:broadcast	41
2023-04-12 00:12:59,868{GMT}	INFO	[jepsen worker 0] jepsen.util: 0	:invoke	:read	nil
2023-04-12 00:12:59,872{GMT}	INFO	[jepsen worker 0] jepsen.util: 0	:ok	:read	[37 38 39 40 41]
2023-04-12 00:12:59,872{GMT}	INFO	[jepsen worker 0] jepsen.util: 0	:invoke	:read	nil
2023-04-12 00:12:59,875{GMT}	INFO	[jepsen worker 0] jepsen.util: 0	:ok	:read	[]
2023-04-12 00:12:59,917{GMT}	INFO	[jepsen worker 0] jepsen.util: 0	:invoke	:broadcast	42
2023-04-12 00:12:59,921{GMT}	INFO	[jepsen worker 0] jepsen.util: 0	:ok	:broadcast	42
2023-04-12 00:13:00,114{GMT}	INFO	[jepsen worker 0] jepsen.util: 0	:invoke	:read	nil
2023-04-12 00:13:00,117{GMT}	INFO	[jepsen worker 0] jepsen.util: 0	:ok	:read	[42]
2023-04-12 00:13:00,202{GMT}	INFO	[jepsen worker 0] jepsen.util: 0	:invoke	:broadcast	43
2023-04-12 00:13:00,206{GMT}	INFO	[jepsen worker 0] jepsen.util: 0	:ok	:broadcast	43
2023-04-12 00:13:00,390{GMT}	INFO	[jepsen worker 0] jepsen.util: 0	:invoke	:broadcast	44
2023-04-12 00:13:00,394{GMT}	INFO	[jepsen worker 0] jepsen.util: 0	:ok	:broadcast	44
2023-04-12 00:13:00,450{GMT}	INFO	[jepsen worker 0] jepsen.util: 0	:invoke	:read	nil
2023-04-12 00:13:00,454{GMT}	INFO	[jepsen worker 0] jepsen.util: 0	:ok	:read	[43 44]
2023-04-12 00:13:00,523{GMT}	INFO	[jepsen worker 0] jepsen.util: 0	:invoke	:read	nil
2023-04-12 00:13:00,528{GMT}	INFO	[jepsen worker 0] jepsen.util: 0	:ok	:read	[]
2023-04-12 00:13:00,532{GMT}	INFO	[jepsen worker 0] jepsen.util: 0	:invoke	:read	nil
2023-04-12 00:13:00,536{GMT}	INFO	[jepsen worker 0] jepsen.util: 0	:ok	:read	[]
2023-04-12 00:13:00,684{GMT}	INFO	[jepsen worker 0] jepsen.util: 0	:invoke	:broadcast	45
2023-04-12 00:13:00,688{GMT}	INFO	[jepsen worker 0] jepsen.util: 0	:ok	:broadcast	45
2023-04-12 00:13:00,688{GMT}	INFO	[jepsen worker 0] jepsen.util: 0	:invoke	:read	nil
2023-04-12 00:13:00,691{GMT}	INFO	[jepsen worker 0] jepsen.util: 0	:ok	:read	[45]
2023-04-12 00:13:00,837{GMT}	INFO	[jepsen worker 0] jepsen.util: 0	:invoke	:read	nil
2023-04-12 00:13:00,838{GMT}	INFO	[jepsen worker 0] jepsen.util: 0	:ok	:read	[]
2023-04-12 00:13:00,961{GMT}	INFO	[jepsen worker 0] jepsen.util: 0	:invoke	:broadcast	46
2023-04-12 00:13:00,964{GMT}	INFO	[jepsen worker 0] jepsen.util: 0	:ok	:broadcast	46
2023-04-12 00:13:01,012{GMT}	INFO	[jepsen worker 0] jepsen.util: 0	:invoke	:broadcast	47
2023-04-12 00:13:01,016{GMT}	INFO	[jepsen worker 0] jepsen.util: 0	:ok	:broadcast	47
2023-04-12 00:13:01,021{GMT}	INFO	[jepsen worker 0] jepsen.util: 0	:invoke	:broadcast	48
2023-04-12 00:13:01,024{GMT}	INFO	[jepsen worker 0] jepsen.util: 0	:ok	:broadcast	48
2023-04-12 00:13:01,088{GMT}	INFO	[jepsen worker 0] jepsen.util: 0	:invoke	:broadcast	49
2023-04-12 00:13:01,090{GMT}	INFO	[jepsen worker 0] jepsen.util: 0	:ok	:broadcast	49
2023-04-12 00:13:01,236{GMT}	INFO	[jepsen worker 0] jepsen.util: 0	:invoke	:read	nil
2023-04-12 00:13:01,240{GMT}	INFO	[jepsen worker 0] jepsen.util: 0	:ok	:read	[46 47 48 49]
2023-04-12 00:13:01,376{GMT}	INFO	[jepsen worker 0] jepsen.util: 0	:invoke	:read	nil
2023-04-12 00:13:01,380{GMT}	INFO	[jepsen worker 0] jepsen.util: 0	:ok	:read	[]
2023-04-12 00:13:01,487{GMT}	INFO	[jepsen worker 0] jepsen.util: 0	:invoke	:read	nil
2023-04-12 00:13:01,490{GMT}	INFO	[jepsen worker 0] jepsen.util: 0	:ok	:read	[]
2023-04-12 00:13:01,645{GMT}	INFO	[jepsen worker 0] jepsen.util: 0	:invoke	:read	nil
2023-04-12 00:13:01,648{GMT}	INFO	[jepsen worker 0] jepsen.util: 0	:ok	:read	[]
2023-04-12 00:13:01,686{GMT}	INFO	[jepsen worker 0] jepsen.util: 0	:invoke	:broadcast	50
2023-04-12 00:13:01,689{GMT}	INFO	[jepsen worker 0] jepsen.util: 0	:ok	:broadcast	50
2023-04-12 00:13:01,701{GMT}	INFO	[jepsen worker 0] jepsen.util: 0	:invoke	:broadcast	51
2023-04-12 00:13:01,704{GMT}	INFO	[jepsen worker 0] jepsen.util: 0	:ok	:broadcast	51
2023-04-12 00:13:01,829{GMT}	INFO	[jepsen worker 0] jepsen.util: 0	:invoke	:read	nil
2023-04-12 00:13:01,833{GMT}	INFO	[jepsen worker 0] jepsen.util: 0	:ok	:read	[50 51]
2023-04-12 00:13:01,921{GMT}	INFO	[jepsen worker 0] jepsen.util: 0	:invoke	:broadcast	52
2023-04-12 00:13:01,924{GMT}	INFO	[jepsen worker 0] jepsen.util: 0	:ok	:broadcast	52
2023-04-12 00:13:02,096{GMT}	INFO	[jepsen worker 0] jepsen.util: 0	:invoke	:broadcast	53
2023-04-12 00:13:02,099{GMT}	INFO	[jepsen worker 0] jepsen.util: 0	:ok	:broadcast	53
2023-04-12 00:13:02,158{GMT}	INFO	[jepsen worker 0] jepsen.util: 0	:invoke	:broadcast	54
2023-04-12 00:13:02,161{GMT}	INFO	[jepsen worker 0] jepsen.util: 0	:ok	:broadcast	54
2023-04-12 00:13:02,182{GMT}	INFO	[jepsen worker 0] jepsen.util: 0	:invoke	:read	nil
2023-04-12 00:13:02,184{GMT}	INFO	[jepsen worker 0] jepsen.util: 0	:ok	:read	[52 53 54]
2023-04-12 00:13:02,315{GMT}	INFO	[jepsen worker 0] jepsen.util: 0	:invoke	:read	nil
2023-04-12 00:13:02,318{GMT}	INFO	[jepsen worker 0] jepsen.util: 0	:ok	:read	[]
2023-04-12 00:13:02,459{GMT}	INFO	[jepsen worker 0] jepsen.util: 0	:invoke	:read	nil
2023-04-12 00:13:02,462{GMT}	INFO	[jepsen worker 0] jepsen.util: 0	:ok	:read	[]
2023-04-12 00:13:02,613{GMT}	INFO	[jepsen worker 0] jepsen.util: 0	:invoke	:broadcast	55
2023-04-12 00:13:02,616{GMT}	INFO	[jepsen worker 0] jepsen.util: 0	:ok	:broadcast	55
2023-04-12 00:13:02,715{GMT}	INFO	[jepsen worker 0] jepsen.util: 0	:invoke	:broadcast	56
2023-04-12 00:13:02,719{GMT}	INFO	[jepsen worker 0] jepsen.util: 0	:ok	:broadcast	56
2023-04-12 00:13:02,843{GMT}	INFO	[jepsen worker 0] jepsen.util: 0	:invoke	:broadcast	57
2023-04-12 00:13:02,846{GMT}	INFO	[jepsen worker 0] jepsen.util: 0	:ok	:broadcast	57
2023-04-12 00:13:02,868{GMT}	INFO	[jepsen worker 0] jepsen.util: 0	:invoke	:broadcast	58
2023-04-12 00:13:02,870{GMT}	INFO	[jepsen worker 0] jepsen.util: 0	:ok	:broadcast	58
2023-04-12 00:13:02,884{GMT}	INFO	[jepsen worker 0] jepsen.util: 0	:invoke	:broadcast	59
2023-04-12 00:13:02,888{GMT}	INFO	[jepsen worker 0] jepsen.util: 0	:ok	:broadcast	59
2023-04-12 00:13:02,938{GMT}	INFO	[jepsen worker 0] jepsen.util: 0	:invoke	:broadcast	60
2023-04-12 00:13:02,941{GMT}	INFO	[jepsen worker 0] jepsen.util: 0	:ok	:broadcast	60
2023-04-12 00:13:03,055{GMT}	INFO	[jepsen worker 0] jepsen.util: 0	:invoke	:read	nil
2023-04-12 00:13:03,058{GMT}	INFO	[jepsen worker 0] jepsen.util: 0	:ok	:read	[55 56 57 58 59 60]
2023-04-12 00:13:03,157{GMT}	INFO	[jepsen worker 0] jepsen.util: 0	:invoke	:broadcast	61
2023-04-12 00:13:03,160{GMT}	INFO	[jepsen worker 0] jepsen.util: 0	:ok	:broadcast	61
2023-04-12 00:13:03,260{GMT}	INFO	[jepsen worker 0] jepsen.util: 0	:invoke	:read	nil
2023-04-12 00:13:03,263{GMT}	INFO	[jepsen worker 0] jepsen.util: 0	:ok	:read	[61]
2023-04-12 00:13:03,400{GMT}	INFO	[jepsen worker 0] jepsen.util: 0	:invoke	:read	nil
2023-04-12 00:13:03,403{GMT}	INFO	[jepsen worker 0] jepsen.util: 0	:ok	:read	[]
2023-04-12 00:13:03,589{GMT}	INFO	[jepsen worker 0] jepsen.util: 0	:invoke	:read	nil
2023-04-12 00:13:03,591{GMT}	INFO	[jepsen worker 0] jepsen.util: 0	:ok	:read	[]
2023-04-12 00:13:03,653{GMT}	INFO	[jepsen worker 0] jepsen.util: 0	:invoke	:read	nil
2023-04-12 00:13:03,658{GMT}	INFO	[jepsen worker 0] jepsen.util: 0	:ok	:read	[]
2023-04-12 00:13:03,681{GMT}	INFO	[jepsen worker 0] jepsen.util: 0	:invoke	:read	nil
2023-04-12 00:13:03,684{GMT}	INFO	[jepsen worker 0] jepsen.util: 0	:ok	:read	[]
2023-04-12 00:13:03,868{GMT}	INFO	[jepsen worker 0] jepsen.util: 0	:invoke	:broadcast	62
2023-04-12 00:13:03,871{GMT}	INFO	[jepsen worker 0] jepsen.util: 0	:ok	:broadcast	62
2023-04-12 00:13:03,974{GMT}	INFO	[jepsen worker 0] jepsen.util: 0	:invoke	:read	nil
2023-04-12 00:13:03,976{GMT}	INFO	[jepsen worker 0] jepsen.util: 0	:ok	:read	[62]
2023-04-12 00:13:04,102{GMT}	INFO	[jepsen worker 0] jepsen.util: 0	:invoke	:broadcast	63
2023-04-12 00:13:04,105{GMT}	INFO	[jepsen worker 0] jepsen.util: 0	:ok	:broadcast	63
2023-04-12 00:13:04,247{GMT}	INFO	[jepsen worker 0] jepsen.util: 0	:invoke	:read	nil
2023-04-12 00:13:04,250{GMT}	INFO	[jepsen worker 0] jepsen.util: 0	:ok	:read	[63]
2023-04-12 00:13:04,438{GMT}	INFO	[jepsen worker 0] jepsen.util: 0	:invoke	:broadcast	64
2023-04-12 00:13:04,441{GMT}	INFO	[jepsen worker 0] jepsen.util: 0	:ok	:broadcast	64
2023-04-12 00:13:04,614{GMT}	INFO	[jepsen worker 0] jepsen.util: 0	:invoke	:read	nil
2023-04-12 00:13:04,618{GMT}	INFO	[jepsen worker 0] jepsen.util: 0	:ok	:read	[64]
2023-04-12 00:13:04,732{GMT}	INFO	[jepsen worker 0] jepsen.util: 0	:invoke	:read	nil
2023-04-12 00:13:04,735{GMT}	INFO	[jepsen worker 0] jepsen.util: 0	:ok	:read	[]
2023-04-12 00:13:04,917{GMT}	INFO	[jepsen worker 0] jepsen.util: 0	:invoke	:broadcast	65
2023-04-12 00:13:04,921{GMT}	INFO	[jepsen worker 0] jepsen.util: 0	:ok	:broadcast	65
2023-04-12 00:13:05,015{GMT}	INFO	[jepsen worker 0] jepsen.util: 0	:invoke	:broadcast	66
2023-04-12 00:13:05,018{GMT}	INFO	[jepsen worker 0] jepsen.util: 0	:ok	:broadcast	66
2023-04-12 00:13:05,188{GMT}	INFO	[jepsen worker 0] jepsen.util: 0	:invoke	:read	nil
2023-04-12 00:13:05,192{GMT}	INFO	[jepsen worker 0] jepsen.util: 0	:ok	:read	[65 66]
2023-04-12 00:13:05,373{GMT}	INFO	[jepsen worker 0] jepsen.util: 0	:invoke	:broadcast	67
2023-04-12 00:13:05,376{GMT}	INFO	[jepsen worker 0] jepsen.util: 0	:ok	:broadcast	67
2023-04-12 00:13:05,480{GMT}	INFO	[jepsen worker 0] jepsen.util: 0	:invoke	:broadcast	68
2023-04-12 00:13:05,483{GMT}	INFO	[jepsen worker 0] jepsen.util: 0	:ok	:broadcast	68
2023-04-12 00:13:05,628{GMT}	INFO	[jepsen worker 0] jepsen.util: 0	:invoke	:broadcast	69
2023-04-12 00:13:05,631{GMT}	INFO	[jepsen worker 0] jepsen.util: 0	:ok	:broadcast	69
2023-04-12 00:13:05,657{GMT}	INFO	[jepsen worker 0] jepsen.util: 0	:invoke	:read	nil
2023-04-12 00:13:05,660{GMT}	INFO	[jepsen worker 0] jepsen.util: 0	:ok	:read	[67 68 69]
2023-04-12 00:13:05,671{GMT}	INFO	[jepsen worker 0] jepsen.util: 0	:invoke	:read	nil
2023-04-12 00:13:05,672{GMT}	INFO	[jepsen worker 0] jepsen.util: 0	:ok	:read	[]
2023-04-12 00:13:05,721{GMT}	INFO	[jepsen worker 0] jepsen.util: 0	:invoke	:read	nil
2023-04-12 00:13:05,724{GMT}	INFO	[jepsen worker 0] jepsen.util: 0	:ok	:read	[]
2023-04-12 00:13:05,896{GMT}	INFO	[jepsen worker 0] jepsen.util: 0	:invoke	:broadcast	70
2023-04-12 00:13:05,899{GMT}	INFO	[jepsen worker 0] jepsen.util: 0	:ok	:broadcast	70
2023-04-12 00:13:06,078{GMT}	INFO	[jepsen worker 0] jepsen.util: 0	:invoke	:read	nil
2023-04-12 00:13:06,081{GMT}	INFO	[jepsen worker 0] jepsen.util: 0	:ok	:read	[70]
2023-04-12 00:13:06,171{GMT}	INFO	[jepsen worker 0] jepsen.util: 0	:invoke	:read	nil
2023-04-12 00:13:06,174{GMT}	INFO	[jepsen worker 0] jepsen.util: 0	:ok	:read	[]
2023-04-12 00:13:06,327{GMT}	INFO	[jepsen worker 0] jepsen.util: 0	:invoke	:broadcast	71
2023-04-12 00:13:06,329{GMT}	INFO	[jepsen worker 0] jepsen.util: 0	:ok	:broadcast	71
2023-04-12 00:13:06,383{GMT}	INFO	[jepsen worker 0] jepsen.util: 0	:invoke	:read	nil
2023-04-12 00:13:06,386{GMT}	INFO	[jepsen worker 0] jepsen.util: 0	:ok	:read	[71]
2023-04-12 00:13:06,576{GMT}	INFO	[jepsen worker 0] jepsen.util: 0	:invoke	:read	nil
2023-04-12 00:13:06,579{GMT}	INFO	[jepsen worker 0] jepsen.util: 0	:ok	:read	[]
2023-04-12 00:13:06,692{GMT}	INFO	[jepsen worker 0] jepsen.util: 0	:invoke	:read	nil
2023-04-12 00:13:06,695{GMT}	INFO	[jepsen worker 0] jepsen.util: 0	:ok	:read	[]
2023-04-12 00:13:06,878{GMT}	INFO	[jepsen worker 0] jepsen.util: 0	:invoke	:broadcast	72
2023-04-12 00:13:06,881{GMT}	INFO	[jepsen worker 0] jepsen.util: 0	:ok	:broadcast	72
2023-04-12 00:13:06,926{GMT}	INFO	[jepsen worker 0] jepsen.util: 0	:invoke	:broadcast	73
2023-04-12 00:13:06,929{GMT}	INFO	[jepsen worker 0] jepsen.util: 0	:ok	:broadcast	73
2023-04-12 00:13:06,933{GMT}	INFO	[jepsen worker 0] jepsen.util: 0	:invoke	:broadcast	74
2023-04-12 00:13:06,935{GMT}	INFO	[jepsen worker 0] jepsen.util: 0	:ok	:broadcast	74
2023-04-12 00:13:06,975{GMT}	INFO	[jepsen worker 0] jepsen.util: 0	:invoke	:read	nil
2023-04-12 00:13:06,978{GMT}	INFO	[jepsen worker 0] jepsen.util: 0	:ok	:read	[72 73 74]
2023-04-12 00:13:07,173{GMT}	INFO	[jepsen worker 0] jepsen.util: 0	:invoke	:read	nil
2023-04-12 00:13:07,176{GMT}	INFO	[jepsen worker 0] jepsen.util: 0	:ok	:read	[]
2023-04-12 00:13:07,319{GMT}	INFO	[jepsen worker 0] jepsen.util: 0	:invoke	:broadcast	75
2023-04-12 00:13:07,321{GMT}	INFO	[jepsen worker 0] jepsen.util: 0	:ok	:broadcast	75
2023-04-12 00:13:07,509{GMT}	INFO	[jepsen worker 0] jepsen.util: 0	:invoke	:read	nil
2023-04-12 00:13:07,512{GMT}	INFO	[jepsen worker 0] jepsen.util: 0	:ok	:read	[75]
2023-04-12 00:13:07,689{GMT}	INFO	[jepsen worker 0] jepsen.util: 0	:invoke	:broadcast	76
2023-04-12 00:13:07,692{GMT}	INFO	[jepsen worker 0] jepsen.util: 0	:ok	:broadcast	76
2023-04-12 00:13:07,756{GMT}	INFO	[jepsen worker 0] jepsen.util: 0	:invoke	:read	nil
2023-04-12 00:13:07,760{GMT}	INFO	[jepsen worker 0] jepsen.util: 0	:ok	:read	[76]
2023-04-12 00:13:07,760{GMT}	INFO	[jepsen worker 0] jepsen.util: 0	:invoke	:broadcast	77
2023-04-12 00:13:07,763{GMT}	INFO	[jepsen worker 0] jepsen.util: 0	:ok	:broadcast	77
2023-04-12 00:13:07,923{GMT}	INFO	[jepsen worker 0] jepsen.util: 0	:invoke	:broadcast	78
2023-04-12 00:13:07,925{GMT}	INFO	[jepsen worker 0] jepsen.util: 0	:ok	:broadcast	78
2023-04-12 00:13:07,955{GMT}	INFO	[jepsen worker 0] jepsen.util: 0	:invoke	:broadcast	79
2023-04-12 00:13:07,959{GMT}	INFO	[jepsen worker 0] jepsen.util: 0	:ok	:broadcast	79
2023-04-12 00:13:08,144{GMT}	INFO	[jepsen worker 0] jepsen.util: 0	:invoke	:broadcast	80
2023-04-12 00:13:08,147{GMT}	INFO	[jepsen worker 0] jepsen.util: 0	:ok	:broadcast	80
2023-04-12 00:13:08,302{GMT}	INFO	[jepsen worker 0] jepsen.util: 0	:invoke	:broadcast	81
2023-04-12 00:13:08,304{GMT}	INFO	[jepsen worker 0] jepsen.util: 0	:ok	:broadcast	81
2023-04-12 00:13:08,485{GMT}	INFO	[jepsen worker 0] jepsen.util: 0	:invoke	:broadcast	82
2023-04-12 00:13:08,487{GMT}	INFO	[jepsen worker 0] jepsen.util: 0	:ok	:broadcast	82
2023-04-12 00:13:08,632{GMT}	INFO	[jepsen worker 0] jepsen.util: 0	:invoke	:read	nil
2023-04-12 00:13:08,635{GMT}	INFO	[jepsen worker 0] jepsen.util: 0	:ok	:read	[77 78 79 80 81 82]
2023-04-12 00:13:08,653{GMT}	INFO	[jepsen worker 0] jepsen.util: 0	:invoke	:broadcast	83
2023-04-12 00:13:08,654{GMT}	INFO	[jepsen worker 0] jepsen.util: 0	:ok	:broadcast	83
2023-04-12 00:13:08,661{GMT}	INFO	[jepsen worker 0] jepsen.util: 0	:invoke	:broadcast	84
2023-04-12 00:13:08,662{GMT}	INFO	[jepsen worker 0] jepsen.util: 0	:ok	:broadcast	84
2023-04-12 00:13:08,698{GMT}	INFO	[jepsen worker 0] jepsen.util: 0	:invoke	:broadcast	85
2023-04-12 00:13:08,701{GMT}	INFO	[jepsen worker 0] jepsen.util: 0	:ok	:broadcast	85
2023-04-12 00:13:08,768{GMT}	INFO	[jepsen worker 0] jepsen.util: 0	:invoke	:broadcast	86
2023-04-12 00:13:08,771{GMT}	INFO	[jepsen worker 0] jepsen.util: 0	:ok	:broadcast	86
2023-04-12 00:13:08,944{GMT}	INFO	[jepsen worker 0] jepsen.util: 0	:invoke	:broadcast	87
2023-04-12 00:13:08,946{GMT}	INFO	[jepsen worker 0] jepsen.util: 0	:ok	:broadcast	87
2023-04-12 00:13:09,063{GMT}	INFO	[jepsen worker 0] jepsen.util: 0	:invoke	:read	nil
2023-04-12 00:13:09,066{GMT}	INFO	[jepsen worker 0] jepsen.util: 0	:ok	:read	[83 84 85 86 87]
2023-04-12 00:13:09,125{GMT}	INFO	[jepsen worker 0] jepsen.util: 0	:invoke	:read	nil
2023-04-12 00:13:09,128{GMT}	INFO	[jepsen worker 0] jepsen.util: 0	:ok	:read	[]
2023-04-12 00:13:09,225{GMT}	INFO	[jepsen worker 0] jepsen.util: 0	:invoke	:read	nil
2023-04-12 00:13:09,228{GMT}	INFO	[jepsen worker 0] jepsen.util: 0	:ok	:read	[]
2023-04-12 00:13:09,252{GMT}	INFO	[jepsen worker 0] jepsen.util: 0	:invoke	:broadcast	88
2023-04-12 00:13:09,255{GMT}	INFO	[jepsen worker 0] jepsen.util: 0	:ok	:broadcast	88
2023-04-12 00:13:09,358{GMT}	INFO	[jepsen worker 0] jepsen.util: 0	:invoke	:read	nil
2023-04-12 00:13:09,361{GMT}	INFO	[jepsen worker 0] jepsen.util: 0	:ok	:read	[88]
2023-04-12 00:13:09,546{GMT}	INFO	[jepsen worker 0] jepsen.util: 0	:invoke	:read	nil
2023-04-12 00:13:09,548{GMT}	INFO	[jepsen worker 0] jepsen.util: 0	:ok	:read	[]
2023-04-12 00:13:09,650{GMT}	INFO	[jepsen worker 0] jepsen.util: 0	:invoke	:read	nil
2023-04-12 00:13:09,652{GMT}	INFO	[jepsen worker 0] jepsen.util: 0	:ok	:read	[]
2023-04-12 00:13:09,727{GMT}	INFO	[jepsen worker 0] jepsen.util: 0	:invoke	:broadcast	89
2023-04-12 00:13:09,730{GMT}	INFO	[jepsen worker 0] jepsen.util: 0	:ok	:broadcast	89
2023-04-12 00:13:09,871{GMT}	INFO	[jepsen worker 0] jepsen.util: 0	:invoke	:read	nil
2023-04-12 00:13:09,874{GMT}	INFO	[jepsen worker 0] jepsen.util: 0	:ok	:read	[89]
2023-04-12 00:13:09,894{GMT}	INFO	[jepsen worker 0] jepsen.util: 0	:invoke	:broadcast	90
2023-04-12 00:13:09,896{GMT}	INFO	[jepsen worker 0] jepsen.util: 0	:ok	:broadcast	90
2023-04-12 00:13:09,948{GMT}	INFO	[jepsen worker 0] jepsen.util: 0	:invoke	:broadcast	91
2023-04-12 00:13:09,950{GMT}	INFO	[jepsen worker 0] jepsen.util: 0	:ok	:broadcast	91
2023-04-12 00:13:09,975{GMT}	INFO	[jepsen worker 0] jepsen.util: 0	:invoke	:read	nil
2023-04-12 00:13:09,978{GMT}	INFO	[jepsen worker 0] jepsen.util: 0	:ok	:read	[90 91]
2023-04-12 00:13:10,058{GMT}	INFO	[jepsen worker 0] jepsen.util: 0	:invoke	:broadcast	92
2023-04-12 00:13:10,059{GMT}	INFO	[jepsen worker 0] jepsen.util: 0	:ok	:broadcast	92
2023-04-12 00:13:10,248{GMT}	INFO	[jepsen worker 0] jepsen.util: 0	:invoke	:read	nil
2023-04-12 00:13:10,250{GMT}	INFO	[jepsen worker 0] jepsen.util: 0	:ok	:read	[92]
2023-04-12 00:13:10,354{GMT}	INFO	[jepsen worker 0] jepsen.util: 0	:invoke	:read	nil
2023-04-12 00:13:10,357{GMT}	INFO	[jepsen worker 0] jepsen.util: 0	:ok	:read	[]
2023-04-12 00:13:10,426{GMT}	INFO	[jepsen worker 0] jepsen.util: 0	:invoke	:read	nil
2023-04-12 00:13:10,429{GMT}	INFO	[jepsen worker 0] jepsen.util: 0	:ok	:read	[]
2023-04-12 00:13:10,461{GMT}	INFO	[jepsen worker 0] jepsen.util: 0	:invoke	:broadcast	93
2023-04-12 00:13:10,464{GMT}	INFO	[jepsen worker 0] jepsen.util: 0	:ok	:broadcast	93
2023-04-12 00:13:10,602{GMT}	INFO	[jepsen worker 0] jepsen.util: 0	:invoke	:read	nil
2023-04-12 00:13:10,605{GMT}	INFO	[jepsen worker 0] jepsen.util: 0	:ok	:read	[93]
2023-04-12 00:13:10,605{GMT}	INFO	[jepsen worker 0] jepsen.util: 0	:invoke	:broadcast	94
2023-04-12 00:13:10,607{GMT}	INFO	[jepsen worker 0] jepsen.util: 0	:ok	:broadcast	94
2023-04-12 00:13:10,623{GMT}	INFO	[jepsen worker 0] jepsen.util: 0	:invoke	:broadcast	95
2023-04-12 00:13:10,627{GMT}	INFO	[jepsen worker 0] jepsen.util: 0	:ok	:broadcast	95
2023-04-12 00:13:10,723{GMT}	INFO	[jepsen worker 0] jepsen.util: 0	:invoke	:read	nil
2023-04-12 00:13:10,725{GMT}	INFO	[jepsen worker 0] jepsen.util: 0	:ok	:read	[94 95]
2023-04-12 00:13:10,922{GMT}	INFO	[jepsen worker 0] jepsen.util: 0	:invoke	:broadcast	96
2023-04-12 00:13:10,924{GMT}	INFO	[jepsen worker 0] jepsen.util: 0	:ok	:broadcast	96
2023-04-12 00:13:11,055{GMT}	INFO	[jepsen worker 0] jepsen.util: 0	:invoke	:read	nil
2023-04-12 00:13:11,058{GMT}	INFO	[jepsen worker 0] jepsen.util: 0	:ok	:read	[96]
2023-04-12 00:13:11,182{GMT}	INFO	[jepsen worker 0] jepsen.util: 0	:invoke	:read	nil
2023-04-12 00:13:11,184{GMT}	INFO	[jepsen worker 0] jepsen.util: 0	:ok	:read	[]
2023-04-12 00:13:11,185{GMT}	INFO	[jepsen worker 0] jepsen.util: 0	:invoke	:broadcast	97
2023-04-12 00:13:11,187{GMT}	INFO	[jepsen worker 0] jepsen.util: 0	:ok	:broadcast	97
2023-04-12 00:13:11,379{GMT}	INFO	[jepsen worker 0] jepsen.util: 0	:invoke	:broadcast	98
2023-04-12 00:13:11,382{GMT}	INFO	[jepsen worker 0] jepsen.util: 0	:ok	:broadcast	98
2023-04-12 00:13:11,461{GMT}	INFO	[jepsen worker 0] jepsen.util: 0	:invoke	:read	nil
2023-04-12 00:13:11,464{GMT}	INFO	[jepsen worker 0] jepsen.util: 0	:ok	:read	[97 98]
2023-04-12 00:13:11,547{GMT}	INFO	[jepsen worker 0] jepsen.util: 0	:invoke	:read	nil
2023-04-12 00:13:11,550{GMT}	INFO	[jepsen worker 0] jepsen.util: 0	:ok	:read	[]
2023-04-12 00:13:11,734{GMT}	INFO	[jepsen worker 0] jepsen.util: 0	:invoke	:broadcast	99
2023-04-12 00:13:11,737{GMT}	INFO	[jepsen worker 0] jepsen.util: 0	:ok	:broadcast	99
2023-04-12 00:13:11,922{GMT}	INFO	[jepsen worker 0] jepsen.util: 0	:invoke	:read	nil
2023-04-12 00:13:11,925{GMT}	INFO	[jepsen worker 0] jepsen.util: 0	:ok	:read	[99]
2023-04-12 00:13:12,120{GMT}	INFO	[jepsen worker 0] jepsen.util: 0	:invoke	:broadcast	100
2023-04-12 00:13:12,123{GMT}	INFO	[jepsen worker 0] jepsen.util: 0	:ok	:broadcast	100
2023-04-12 00:13:12,312{GMT}	INFO	[jepsen worker 0] jepsen.util: 0	:invoke	:broadcast	101
2023-04-12 00:13:12,315{GMT}	INFO	[jepsen worker 0] jepsen.util: 0	:ok	:broadcast	101
2023-04-12 00:13:12,360{GMT}	INFO	[jepsen worker 0] jepsen.util: 0	:invoke	:broadcast	102
2023-04-12 00:13:12,362{GMT}	INFO	[jepsen worker 0] jepsen.util: 0	:ok	:broadcast	102
2023-04-12 00:13:12,397{GMT}	INFO	[jepsen worker 0] jepsen.util: 0	:invoke	:broadcast	103
2023-04-12 00:13:12,399{GMT}	INFO	[jepsen worker 0] jepsen.util: 0	:ok	:broadcast	103
2023-04-12 00:13:12,515{GMT}	INFO	[jepsen worker 0] jepsen.util: 0	:invoke	:read	nil
2023-04-12 00:13:12,518{GMT}	INFO	[jepsen worker 0] jepsen.util: 0	:ok	:read	[100 101 102 103]
2023-04-12 00:13:12,691{GMT}	INFO	[jepsen worker 0] jepsen.util: 0	:invoke	:broadcast	104
2023-04-12 00:13:12,693{GMT}	INFO	[jepsen worker 0] jepsen.util: 0	:ok	:broadcast	104
2023-04-12 00:13:12,695{GMT}	INFO	[jepsen worker 0] jepsen.generator.interpreter: Waiting for recovery...
2023-04-12 00:13:22,700{GMT}	INFO	[jepsen worker 0] jepsen.util: 0	:invoke	:read	nil
2023-04-12 00:13:22,703{GMT}	INFO	[jepsen worker 0] jepsen.util: 0	:ok	:read	[104]
2023-04-12 00:13:22,728{GMT}	INFO	[jepsen test runner] jepsen.core: Run complete, writing
2023-04-12 00:13:22,788{GMT}	INFO	[jepsen node n0] maelstrom.db: Tearing down n0
2023-04-12 00:13:24,695{GMT}	INFO	[jepsen node n0] maelstrom.net: Shutting down Maelstrom network
2023-04-12 00:13:24,696{GMT}	INFO	[jepsen test runner] jepsen.core: Analyzing...
2023-04-12 00:13:24,970{GMT}	INFO	[jepsen test runner] jepsen.core: Analysis complete
2023-04-12 00:13:24,982{GMT}	INFO	[jepsen results] jepsen.store: Wrote /home/ktk/dist-sys-chanllenges/maelstrom-broadcast/store/broadcast/20230412T001250.781+0530/results.edn
2023-04-12 00:13:24,996{GMT}	INFO	[jepsen test runner] jepsen.core: {:perf {:latency-graph {:valid? true},
        :rate-graph {:valid? true},
        :valid? true},
 :timeline {:valid? true},
 :exceptions {:valid? true},
 :stats {:valid? true,
         :count 199,
         :ok-count 199,
         :fail-count 0,
         :info-count 0,
         :by-f {:broadcast {:valid? true,
                            :count 105,
                            :ok-count 105,
                            :fail-count 0,
                            :info-count 0},
                :read {:valid? true,
                       :count 94,
                       :ok-count 94,
                       :fail-count 0,
                       :info-count 0}}},
 :availability {:valid? true, :ok-fraction 1.0},
 :net {:all {:send-count 402,
             :recv-count 402,
             :msg-count 402,
             :msgs-per-op 2.0201006},
       :clients {:send-count 402, :recv-count 402, :msg-count 402},
       :servers {:send-count 0,
                 :recv-count 0,
                 :msg-count 0,
                 :msgs-per-op 0.0},
       :valid? true},
 :workload {:worst-stale (),
            :duplicated-count 0,
            :valid? false,
            :lost-count 104,
            :lost (0
                   1
                   2
                   3
                   4
                   5
                   6
                   7
                   8
                   9
                   10
                   11
                   12
                   13
                   14
                   15
                   16
                   17
                   18
                   19
                   20
                   21
                   22
                   23
                   24
                   25
                   26
                   27
                   28
                   29
                   30
                   31
                   32
                   33
                   34
                   35
                   36
                   37
                   38
                   39
                   40
                   41
                   42
                   43
                   44
                   45
                   46
                   47
                   48
                   49
                   50
                   51
                   52
                   53
                   54
                   55
                   56
                   57
                   58
                   59
                   60
                   61
                   62
                   63
                   64
                   65
                   66
                   67
                   68
                   69
                   70
                   71
                   72
                   73
                   74
                   75
                   76
                   77
                   78
                   79
                   80
                   81
                   82
                   83
                   84
                   85
                   86
                   87
                   88
                   89
                   90
                   91
                   92
                   93
                   94
                   95
                   96
                   97
                   98
                   99
                   100
                   101
                   102
                   103),
            :stable-count 1,
            :stale-count 0,
            :stale (),
            :never-read-count 0,
            :stable-latencies {0 0, 0.5 0, 0.95 0, 0.99 0, 1 0},
            :attempt-count 105,
            :lost-latencies {0 0, 0.5 169, 0.95 672, 0.99 951, 1 1039},
            :never-read (),
            :duplicated {}},
 :valid? false}


Analysis invalid! (ﾉಥ益ಥ）ﾉ ┻━┻
