2023/04/12 00:12:25 Received {c0 n0 {"type":"init","node_id":"n0","node_ids":["n0"],"msg_id":1}}
2023/04/12 00:12:25 Node n0 initialized
2023/04/12 00:12:25 Sent {"src":"n0","dest":"c0","body":{"in_reply_to":1,"type":"init_ok"}}
2023/04/12 00:12:25 Received {c1 n0 {"type":"topology","topology":{"n0":[]},"msg_id":1}}
2023/04/12 00:12:25 Sent {"src":"n0","dest":"c1","body":{"in_reply_to":1,"msg_id":1,"type":"topology_ok"}}
2023/04/12 00:12:25 Received {c2 n0 {"type":"broadcast","message":0,"msg_id":1}}
2023/04/12 00:12:25 Sent {"src":"n0","dest":"c2","body":{"in_reply_to":1,"msg_id":1,"type":"generate_ok"}}
2023/04/12 00:12:25 Received {c3 n0 {"type":"read","msg_id":1}}
2023/04/12 00:12:25 Sent {"src":"n0","dest":"c3","body":{"in_reply_to":1,"messages":[0],"msg_id":1,"type":"read_ok"}}
2023/04/12 00:12:25 Received {c3 n0 {"type":"broadcast","message":1,"msg_id":2}}
2023/04/12 00:12:25 Sent {"src":"n0","dest":"c3","body":{"in_reply_to":2,"msg_id":2,"type":"generate_ok"}}
2023/04/12 00:12:26 Received {c4 n0 {"type":"broadcast","message":2,"msg_id":1}}
2023/04/12 00:12:26 Sent {"src":"n0","dest":"c4","body":{"in_reply_to":1,"msg_id":1,"type":"generate_ok"}}
2023/04/12 00:12:26 Received {c5 n0 {"type":"read","msg_id":1}}
2023/04/12 00:12:26 Sent {"src":"n0","dest":"c5","body":{"in_reply_to":1,"messages":[1,2],"msg_id":1,"type":"read_ok"}}
2023/04/12 00:12:26 Received {c5 n0 {"type":"broadcast","message":3,"msg_id":2}}
2023/04/12 00:12:26 Sent {"src":"n0","dest":"c5","body":{"in_reply_to":2,"msg_id":2,"type":"generate_ok"}}
2023/04/12 00:12:26 Received {c6 n0 {"type":"read","msg_id":1}}
2023/04/12 00:12:26 Sent {"src":"n0","dest":"c6","body":{"in_reply_to":1,"messages":[3],"msg_id":1,"type":"read_ok"}}
2023/04/12 00:12:26 Received {c6 n0 {"type":"broadcast","message":4,"msg_id":2}}
2023/04/12 00:12:26 Sent {"src":"n0","dest":"c6","body":{"in_reply_to":2,"msg_id":2,"type":"generate_ok"}}
